{"C:\\Users\\Admin\\Desktop\\Kasope\\Work\\Vue Projects\\stock-trader-app\\gulpfile.js": {"path":"C:\\Users\\Admin\\Desktop\\Kasope\\Work\\Vue Projects\\stock-trader-app\\gulpfile.js","statementMap":{"0":{"start":{"line":8,"column":11},"end":{"line":8,"column":26}},"1":{"start":{"line":9,"column":18},"end":{"line":9,"column":50}},"2":{"start":{"line":10,"column":11},"end":{"line":10,"column":48}},"3":{"start":{"line":13,"column":0},"end":{"line":19,"column":3}},"4":{"start":{"line":14,"column":2},"end":{"line":18,"column":32}},"5":{"start":{"line":22,"column":0},"end":{"line":32,"column":3}},"6":{"start":{"line":23,"column":2},"end":{"line":31,"column":32}}},"fnMap":{"0":{"name":"(anonymous_0)","decl":{"start":{"line":13,"column":18},"end":{"line":13,"column":19}},"loc":{"start":{"line":13,"column":30},"end":{"line":19,"column":1}},"line":13},"1":{"name":"(anonymous_1)","decl":{"start":{"line":22,"column":16},"end":{"line":22,"column":17}},"loc":{"start":{"line":22,"column":28},"end":{"line":32,"column":1}},"line":22}},"branchMap":{},"s":{"0":0,"1":0,"2":0,"3":0,"4":0,"5":0,"6":0},"f":{"0":0,"1":0},"b":{},"hash":"302edc5a3baa9078c38145d49da54393942a935e"}
,"C:\\Users\\Admin\\Desktop\\Kasope\\Work\\Vue Projects\\stock-trader-app\\src\\App.vue": {"path":"C:\\Users\\Admin\\Desktop\\Kasope\\Work\\Vue Projects\\stock-trader-app\\src\\App.vue","statementMap":{"0":{"start":{"line":12,"column":0},"end":{"line":12,"column":null}},"1":{"start":{"line":13,"column":0},"end":{"line":13,"column":null}},"2":{"start":{"line":14,"column":0},"end":{"line":14,"column":null}},"3":{"start":{"line":26,"column":0},"end":{"line":26,"column":null}},"4":{"start":{"line":29,"column":0},"end":{"line":35,"column":null}},"5":{"start":{"line":30,"column":0},"end":{"line":33,"column":null}},"6":{"start":{"line":31,"column":0},"end":{"line":31,"column":null}},"7":{"start":{"line":32,"column":0},"end":{"line":32,"column":null}},"8":{"start":{"line":34,"column":0},"end":{"line":34,"column":null}},"9":{"start":{"line":40,"column":0},"end":{"line":40,"column":null}},"10":{"start":{"line":42,"column":0},"end":{"line":42,"column":null}},"11":{"start":{"line":46,"column":0},"end":{"line":51,"column":null}},"12":{"start":{"line":47,"column":0},"end":{"line":47,"column":null}},"13":{"start":{"line":48,"column":0},"end":{"line":48,"column":null}},"14":{"start":{"line":50,"column":0},"end":{"line":50,"column":null}}},"fnMap":{"0":{"name":"(anonymous_1)","decl":{"start":{"line":25,"column":0},"end":{"line":25,"column":null}},"loc":{"start":{"line":25,"column":0},"end":{"line":27,"column":null}}},"1":{"name":"(anonymous_2)","decl":{"start":{"line":28,"column":0},"end":{"line":28,"column":null}},"loc":{"start":{"line":28,"column":0},"end":{"line":36,"column":null}}},"2":{"name":"(anonymous_3)","decl":{"start":{"line":39,"column":0},"end":{"line":39,"column":null}},"loc":{"start":{"line":39,"column":0},"end":{"line":43,"column":null}}},"3":{"name":"(anonymous_4)","decl":{"start":{"line":45,"column":0},"end":{"line":45,"column":null}},"loc":{"start":{"line":45,"column":0},"end":{"line":52,"column":null}}}},"branchMap":{"0":{"loc":{"start":{"line":29,"column":0},"end":{"line":35,"column":null}},"type":"if","locations":[{"start":{"line":29,"column":0},"end":{"line":35,"column":null}},{"start":{"line":29,"column":0},"end":{"line":35,"column":null}}]},"1":{"loc":{"start":{"line":30,"column":0},"end":{"line":33,"column":null}},"type":"if","locations":[{"start":{"line":30,"column":0},"end":{"line":33,"column":null}},{"start":{"line":30,"column":0},"end":{"line":33,"column":null}}]},"2":{"loc":{"start":{"line":30,"column":0},"end":{"line":30,"column":null}},"type":"binary-expr","locations":[{"start":{"line":30,"column":0},"end":{"line":30,"column":null}},{"start":{"line":30,"column":0},"end":{"line":30,"column":null}}]},"3":{"loc":{"start":{"line":46,"column":0},"end":{"line":51,"column":null}},"type":"if","locations":[{"start":{"line":46,"column":0},"end":{"line":51,"column":null}},{"start":{"line":46,"column":0},"end":{"line":51,"column":null}}]}},"s":{"0":0,"1":0,"2":0,"3":0,"4":0,"5":0,"6":0,"7":0,"8":0,"9":0,"10":0,"11":0,"12":0,"13":0,"14":0},"f":{"0":0,"1":0,"2":0,"3":0},"b":{"0":[0,0],"1":[0,0],"2":[0,0],"3":[0,0]}}
,"C:\\Users\\Admin\\Desktop\\Kasope\\Work\\Vue Projects\\stock-trader-app\\src\\main.js": {"path":"C:\\Users\\Admin\\Desktop\\Kasope\\Work\\Vue Projects\\stock-trader-app\\src\\main.js","statementMap":{"0":{"start":{"line":13,"column":20},"end":{"line":13,"column":37}},"1":{"start":{"line":14,"column":0},"end":{"line":14,"column":25}},"2":{"start":{"line":15,"column":0},"end":{"line":22,"column":3}},"3":{"start":{"line":16,"column":2},"end":{"line":20,"column":3}},"4":{"start":{"line":17,"column":4},"end":{"line":17,"column":29}},"5":{"start":{"line":19,"column":4},"end":{"line":19,"column":23}},"6":{"start":{"line":21,"column":2},"end":{"line":21,"column":74}},"7":{"start":{"line":24,"column":0},"end":{"line":24,"column":34}},"8":{"start":{"line":25,"column":0},"end":{"line":29,"column":18}},"9":{"start":{"line":28,"column":17},"end":{"line":28,"column":23}},"10":{"start":{"line":33,"column":25},"end":{"line":40,"column":3}},"11":{"start":{"line":43,"column":2},"end":{"line":43,"column":39}}},"fnMap":{"0":{"name":"(anonymous_0)","decl":{"start":{"line":15,"column":24},"end":{"line":15,"column":25}},"loc":{"start":{"line":15,"column":41},"end":{"line":22,"column":1}},"line":15},"1":{"name":"(anonymous_1)","decl":{"start":{"line":28,"column":10},"end":{"line":28,"column":11}},"loc":{"start":{"line":28,"column":17},"end":{"line":28,"column":23}},"line":28},"2":{"name":"installFirebase","decl":{"start":{"line":31,"column":9},"end":{"line":31,"column":24}},"loc":{"start":{"line":31,"column":27},"end":{"line":44,"column":1}},"line":31}},"branchMap":{},"s":{"0":0,"1":0,"2":0,"3":0,"4":0,"5":0,"6":0,"7":0,"8":0,"9":0,"10":0,"11":0},"f":{"0":0,"1":0,"2":0},"b":{},"hash":"f1b003fa904bf570820ebb6386f429a8e05843ef"}
,"C:\\Users\\Admin\\Desktop\\Kasope\\Work\\Vue Projects\\stock-trader-app\\src\\components\\PortfolioAsset.vue": {"path":"C:\\Users\\Admin\\Desktop\\Kasope\\Work\\Vue Projects\\stock-trader-app\\src\\components\\PortfolioAsset.vue","statementMap":{"0":{"start":{"line":91,"column":0},"end":{"line":91,"column":null}},"1":{"start":{"line":92,"column":0},"end":{"line":92,"column":null}},"2":{"start":{"line":93,"column":0},"end":{"line":93,"column":null}},"3":{"start":{"line":99,"column":0},"end":{"line":99,"column":null}},"4":{"start":{"line":103,"column":0},"end":{"line":103,"column":null}},"5":{"start":{"line":122,"column":0},"end":{"line":122,"column":null}},"6":{"start":{"line":125,"column":0},"end":{"line":125,"column":null}},"7":{"start":{"line":128,"column":0},"end":{"line":128,"column":null}},"8":{"start":{"line":131,"column":0},"end":{"line":131,"column":null}},"9":{"start":{"line":134,"column":0},"end":{"line":134,"column":null}},"10":{"start":{"line":143,"column":0},"end":{"line":143,"column":null}},"11":{"start":{"line":146,"column":0},"end":{"line":146,"column":null}}},"fnMap":{"0":{"name":"(anonymous_1)","decl":{"start":{"line":99,"column":0},"end":{"line":99,"column":null}},"loc":{"start":{"line":99,"column":0},"end":{"line":99,"column":null}}},"1":{"name":"(anonymous_2)","decl":{"start":{"line":102,"column":0},"end":{"line":102,"column":null}},"loc":{"start":{"line":102,"column":0},"end":{"line":119,"column":null}}},"2":{"name":"(anonymous_3)","decl":{"start":{"line":122,"column":0},"end":{"line":122,"column":null}},"loc":{"start":{"line":122,"column":0},"end":{"line":122,"column":null}}},"3":{"name":"(anonymous_4)","decl":{"start":{"line":124,"column":0},"end":{"line":124,"column":null}},"loc":{"start":{"line":124,"column":0},"end":{"line":126,"column":null}}},"4":{"name":"(anonymous_5)","decl":{"start":{"line":127,"column":0},"end":{"line":127,"column":null}},"loc":{"start":{"line":127,"column":0},"end":{"line":129,"column":null}}},"5":{"name":"(anonymous_6)","decl":{"start":{"line":130,"column":0},"end":{"line":130,"column":null}},"loc":{"start":{"line":130,"column":0},"end":{"line":132,"column":null}}},"6":{"name":"(anonymous_7)","decl":{"start":{"line":133,"column":0},"end":{"line":133,"column":null}},"loc":{"start":{"line":133,"column":0},"end":{"line":137,"column":null}}},"7":{"name":"(anonymous_8)","decl":{"start":{"line":142,"column":0},"end":{"line":142,"column":null}},"loc":{"start":{"line":142,"column":0},"end":{"line":144,"column":null}}},"8":{"name":"(anonymous_9)","decl":{"start":{"line":145,"column":0},"end":{"line":145,"column":null}},"loc":{"start":{"line":145,"column":0},"end":{"line":147,"column":null}}}},"branchMap":{"0":{"loc":{"start":{"line":135,"column":0},"end":{"line":135,"column":null}},"type":"cond-expr","locations":[{"start":{"line":135,"column":0},"end":{"line":135,"column":null}},{"start":{"line":135,"column":0},"end":{"line":135,"column":null}}]}},"s":{"0":1,"1":1,"2":1,"3":0,"4":9,"5":1,"6":9,"7":12,"8":13,"9":9,"10":1,"11":3},"f":{"0":0,"1":9,"2":1,"3":9,"4":12,"5":13,"6":9,"7":1,"8":3},"b":{"0":[9,0]}}
,"C:\\Users\\Admin\\Desktop\\Kasope\\Work\\Vue Projects\\stock-trader-app\\src\\components\\Stock.vue": {"path":"C:\\Users\\Admin\\Desktop\\Kasope\\Work\\Vue Projects\\stock-trader-app\\src\\components\\Stock.vue","statementMap":{"0":{"start":{"line":45,"column":0},"end":{"line":45,"column":null}},"1":{"start":{"line":46,"column":0},"end":{"line":46,"column":null}},"2":{"start":{"line":47,"column":0},"end":{"line":47,"column":null}},"3":{"start":{"line":54,"column":0},"end":{"line":54,"column":null}},"4":{"start":{"line":58,"column":0},"end":{"line":58,"column":null}},"5":{"start":{"line":71,"column":0},"end":{"line":71,"column":null}},"6":{"start":{"line":74,"column":0},"end":{"line":74,"column":null}},"7":{"start":{"line":77,"column":0},"end":{"line":77,"column":null}},"8":{"start":{"line":86,"column":0},"end":{"line":86,"column":null}},"9":{"start":{"line":89,"column":0},"end":{"line":89,"column":null}}},"fnMap":{"0":{"name":"(anonymous_1)","decl":{"start":{"line":54,"column":0},"end":{"line":54,"column":null}},"loc":{"start":{"line":54,"column":0},"end":{"line":54,"column":null}}},"1":{"name":"(anonymous_2)","decl":{"start":{"line":57,"column":0},"end":{"line":57,"column":null}},"loc":{"start":{"line":57,"column":0},"end":{"line":68,"column":null}}},"2":{"name":"(anonymous_3)","decl":{"start":{"line":71,"column":0},"end":{"line":71,"column":null}},"loc":{"start":{"line":71,"column":0},"end":{"line":71,"column":null}}},"3":{"name":"(anonymous_4)","decl":{"start":{"line":73,"column":0},"end":{"line":73,"column":null}},"loc":{"start":{"line":73,"column":0},"end":{"line":75,"column":null}}},"4":{"name":"(anonymous_5)","decl":{"start":{"line":76,"column":0},"end":{"line":76,"column":null}},"loc":{"start":{"line":76,"column":0},"end":{"line":80,"column":null}}},"5":{"name":"(anonymous_6)","decl":{"start":{"line":85,"column":0},"end":{"line":85,"column":null}},"loc":{"start":{"line":85,"column":0},"end":{"line":87,"column":null}}},"6":{"name":"(anonymous_7)","decl":{"start":{"line":88,"column":0},"end":{"line":88,"column":null}},"loc":{"start":{"line":88,"column":0},"end":{"line":90,"column":null}}}},"branchMap":{"0":{"loc":{"start":{"line":78,"column":0},"end":{"line":78,"column":null}},"type":"cond-expr","locations":[{"start":{"line":78,"column":0},"end":{"line":78,"column":null}},{"start":{"line":78,"column":0},"end":{"line":78,"column":null}}]}},"s":{"0":1,"1":1,"2":1,"3":0,"4":7,"5":1,"6":12,"7":7,"8":1,"9":2},"f":{"0":0,"1":7,"2":1,"3":12,"4":7,"5":1,"6":2},"b":{"0":[7,0]}}
,"C:\\Users\\Admin\\Desktop\\Kasope\\Work\\Vue Projects\\stock-trader-app\\src\\components\\navigation-components\\Header.vue": {"path":"C:\\Users\\Admin\\Desktop\\Kasope\\Work\\Vue Projects\\stock-trader-app\\src\\components\\navigation-components\\Header.vue","statementMap":{"0":{"start":{"line":61,"column":0},"end":{"line":61,"column":null}},"1":{"start":{"line":64,"column":0},"end":{"line":64,"column":null}},"2":{"start":{"line":68,"column":0},"end":{"line":68,"column":null}}},"fnMap":{"0":{"name":"(anonymous_1)","decl":{"start":{"line":63,"column":0},"end":{"line":63,"column":null}},"loc":{"start":{"line":63,"column":0},"end":{"line":65,"column":null}}},"1":{"name":"(anonymous_2)","decl":{"start":{"line":68,"column":0},"end":{"line":68,"column":null}},"loc":{"start":{"line":68,"column":0},"end":{"line":68,"column":null}}}},"branchMap":{},"s":{"0":0,"1":0,"2":0},"f":{"0":0,"1":0},"b":{}}
,"C:\\Users\\Admin\\Desktop\\Kasope\\Work\\Vue Projects\\stock-trader-app\\src\\components\\navigation-components\\Sidebar.vue": {"path":"C:\\Users\\Admin\\Desktop\\Kasope\\Work\\Vue Projects\\stock-trader-app\\src\\components\\navigation-components\\Sidebar.vue","statementMap":{"0":{"start":{"line":79,"column":0},"end":{"line":79,"column":null}}},"fnMap":{},"branchMap":{},"s":{"0":0},"f":{},"b":{}}
,"C:\\Users\\Admin\\Desktop\\Kasope\\Work\\Vue Projects\\stock-trader-app\\src\\components\\reused-components\\ConfirmationModal.vue": {"path":"C:\\Users\\Admin\\Desktop\\Kasope\\Work\\Vue Projects\\stock-trader-app\\src\\components\\reused-components\\ConfirmationModal.vue","statementMap":{"0":{"start":{"line":47,"column":0},"end":{"line":47,"column":null}}},"fnMap":{"0":{"name":"(anonymous_1)","decl":{"start":{"line":46,"column":0},"end":{"line":46,"column":null}},"loc":{"start":{"line":46,"column":0},"end":{"line":48,"column":null}}}},"branchMap":{},"s":{"0":2},"f":{"0":2},"b":{}}
,"C:\\Users\\Admin\\Desktop\\Kasope\\Work\\Vue Projects\\stock-trader-app\\src\\components\\reused-components\\InputModal.vue": {"path":"C:\\Users\\Admin\\Desktop\\Kasope\\Work\\Vue Projects\\stock-trader-app\\src\\components\\reused-components\\InputModal.vue","statementMap":{"0":{"start":{"line":49,"column":0},"end":{"line":49,"column":null}},"1":{"start":{"line":55,"column":0},"end":{"line":59,"column":null}},"2":{"start":{"line":56,"column":0},"end":{"line":56,"column":null}},"3":{"start":{"line":57,"column":0},"end":{"line":59,"column":null}},"4":{"start":{"line":58,"column":0},"end":{"line":58,"column":null}},"5":{"start":{"line":60,"column":0},"end":{"line":60,"column":null}},"6":{"start":{"line":63,"column":0},"end":{"line":63,"column":null}}},"fnMap":{"0":{"name":"(anonymous_1)","decl":{"start":{"line":48,"column":0},"end":{"line":48,"column":null}},"loc":{"start":{"line":48,"column":0},"end":{"line":52,"column":null}}},"1":{"name":"(anonymous_2)","decl":{"start":{"line":54,"column":0},"end":{"line":54,"column":null}},"loc":{"start":{"line":54,"column":0},"end":{"line":61,"column":null}}},"2":{"name":"(anonymous_3)","decl":{"start":{"line":62,"column":0},"end":{"line":62,"column":null}},"loc":{"start":{"line":62,"column":0},"end":{"line":64,"column":null}}}},"branchMap":{"0":{"loc":{"start":{"line":55,"column":0},"end":{"line":59,"column":null}},"type":"if","locations":[{"start":{"line":55,"column":0},"end":{"line":59,"column":null}},{"start":{"line":55,"column":0},"end":{"line":59,"column":null}}]},"1":{"loc":{"start":{"line":57,"column":0},"end":{"line":59,"column":null}},"type":"if","locations":[{"start":{"line":57,"column":0},"end":{"line":59,"column":null}},{"start":{"line":57,"column":0},"end":{"line":59,"column":null}}]}},"s":{"0":5,"1":4,"2":1,"3":3,"4":1,"5":4,"6":2},"f":{"0":5,"1":4,"2":2},"b":{"0":[1,3],"1":[1,2]}}
,"C:\\Users\\Admin\\Desktop\\Kasope\\Work\\Vue Projects\\stock-trader-app\\src\\mixins\\mixins.js": {"path":"C:\\Users\\Admin\\Desktop\\Kasope\\Work\\Vue Projects\\stock-trader-app\\src\\mixins\\mixins.js","statementMap":{"0":{"start":{"line":1,"column":26},"end":{"line":17,"column":1}},"1":{"start":{"line":3,"column":4},"end":{"line":7,"column":6}},"2":{"start":{"line":11,"column":6},"end":{"line":11,"column":73}},"3":{"start":{"line":14,"column":6},"end":{"line":14,"column":72}},"4":{"start":{"line":19,"column":36},"end":{"line":95,"column":1}},"5":{"start":{"line":22,"column":6},"end":{"line":25,"column":7}},"6":{"start":{"line":23,"column":8},"end":{"line":23,"column":31}},"7":{"start":{"line":24,"column":8},"end":{"line":24,"column":15}},"8":{"start":{"line":26,"column":6},"end":{"line":31,"column":79}},"9":{"start":{"line":27,"column":8},"end":{"line":29,"column":9}},"10":{"start":{"line":28,"column":10},"end":{"line":28,"column":51}},"11":{"start":{"line":30,"column":8},"end":{"line":30,"column":45}},"12":{"start":{"line":31,"column":13},"end":{"line":31,"column":79}},"13":{"start":{"line":31,"column":38},"end":{"line":31,"column":79}},"14":{"start":{"line":34,"column":6},"end":{"line":54,"column":48}},"15":{"start":{"line":35,"column":8},"end":{"line":53,"column":9}},"16":{"start":{"line":36,"column":10},"end":{"line":46,"column":15}},"17":{"start":{"line":38,"column":14},"end":{"line":41,"column":16}},"18":{"start":{"line":44,"column":14},"end":{"line":44,"column":37}},"19":{"start":{"line":45,"column":14},"end":{"line":45,"column":49}},"20":{"start":{"line":48,"column":10},"end":{"line":48,"column":33}},"21":{"start":{"line":49,"column":10},"end":{"line":51,"column":12}},"22":{"start":{"line":52,"column":10},"end":{"line":52,"column":45}},"23":{"start":{"line":54,"column":13},"end":{"line":54,"column":48}},"24":{"start":{"line":57,"column":6},"end":{"line":76,"column":48}},"25":{"start":{"line":58,"column":8},"end":{"line":75,"column":9}},"26":{"start":{"line":59,"column":10},"end":{"line":69,"column":15}},"27":{"start":{"line":61,"column":14},"end":{"line":64,"column":16}},"28":{"start":{"line":67,"column":14},"end":{"line":67,"column":37}},"29":{"start":{"line":68,"column":14},"end":{"line":68,"column":49}},"30":{"start":{"line":71,"column":10},"end":{"line":73,"column":12}},"31":{"start":{"line":74,"column":10},"end":{"line":74,"column":45}},"32":{"start":{"line":76,"column":13},"end":{"line":76,"column":48}},"33":{"start":{"line":79,"column":6},"end":{"line":92,"column":49}},"34":{"start":{"line":81,"column":8},"end":{"line":91,"column":9}},"35":{"start":{"line":82,"column":10},"end":{"line":90,"column":15}},"36":{"start":{"line":86,"column":24},"end":{"line":86,"column":68}},"37":{"start":{"line":88,"column":14},"end":{"line":88,"column":33}},"38":{"start":{"line":89,"column":14},"end":{"line":89,"column":50}},"39":{"start":{"line":92,"column":13},"end":{"line":92,"column":49}}},"fnMap":{"0":{"name":"(anonymous_0)","decl":{"start":{"line":2,"column":2},"end":{"line":2,"column":3}},"loc":{"start":{"line":2,"column":9},"end":{"line":8,"column":3}},"line":2},"1":{"name":"(anonymous_1)","decl":{"start":{"line":10,"column":4},"end":{"line":10,"column":5}},"loc":{"start":{"line":10,"column":26},"end":{"line":12,"column":5}},"line":10},"2":{"name":"(anonymous_2)","decl":{"start":{"line":13,"column":4},"end":{"line":13,"column":5}},"loc":{"start":{"line":13,"column":25},"end":{"line":15,"column":5}},"line":13},"3":{"name":"(anonymous_3)","decl":{"start":{"line":21,"column":4},"end":{"line":21,"column":5}},"loc":{"start":{"line":21,"column":27},"end":{"line":32,"column":5}},"line":21},"4":{"name":"(anonymous_4)","decl":{"start":{"line":33,"column":4},"end":{"line":33,"column":5}},"loc":{"start":{"line":33,"column":20},"end":{"line":55,"column":5}},"line":33},"5":{"name":"(anonymous_5)","decl":{"start":{"line":37,"column":18},"end":{"line":37,"column":19}},"loc":{"start":{"line":38,"column":14},"end":{"line":41,"column":16}},"line":38},"6":{"name":"(anonymous_6)","decl":{"start":{"line":43,"column":18},"end":{"line":43,"column":19}},"loc":{"start":{"line":43,"column":24},"end":{"line":46,"column":13}},"line":43},"7":{"name":"(anonymous_7)","decl":{"start":{"line":56,"column":4},"end":{"line":56,"column":5}},"loc":{"start":{"line":56,"column":29},"end":{"line":77,"column":5}},"line":56},"8":{"name":"(anonymous_8)","decl":{"start":{"line":60,"column":18},"end":{"line":60,"column":19}},"loc":{"start":{"line":61,"column":14},"end":{"line":64,"column":16}},"line":61},"9":{"name":"(anonymous_9)","decl":{"start":{"line":66,"column":18},"end":{"line":66,"column":19}},"loc":{"start":{"line":66,"column":24},"end":{"line":69,"column":13}},"line":66},"10":{"name":"(anonymous_10)","decl":{"start":{"line":78,"column":4},"end":{"line":78,"column":5}},"loc":{"start":{"line":78,"column":21},"end":{"line":93,"column":5}},"line":78},"11":{"name":"(anonymous_11)","decl":{"start":{"line":86,"column":18},"end":{"line":86,"column":19}},"loc":{"start":{"line":86,"column":24},"end":{"line":86,"column":68}},"line":86},"12":{"name":"(anonymous_12)","decl":{"start":{"line":87,"column":18},"end":{"line":87,"column":19}},"loc":{"start":{"line":87,"column":24},"end":{"line":90,"column":13}},"line":87}},"branchMap":{"0":{"loc":{"start":{"line":22,"column":6},"end":{"line":25,"column":7}},"type":"if","locations":[{"start":{"line":22,"column":6},"end":{"line":25,"column":7}},{"start":{"line":22,"column":6},"end":{"line":25,"column":7}}],"line":22},"1":{"loc":{"start":{"line":26,"column":6},"end":{"line":31,"column":79}},"type":"if","locations":[{"start":{"line":26,"column":6},"end":{"line":31,"column":79}},{"start":{"line":26,"column":6},"end":{"line":31,"column":79}}],"line":26},"2":{"loc":{"start":{"line":27,"column":8},"end":{"line":29,"column":9}},"type":"if","locations":[{"start":{"line":27,"column":8},"end":{"line":29,"column":9}},{"start":{"line":27,"column":8},"end":{"line":29,"column":9}}],"line":27},"3":{"loc":{"start":{"line":31,"column":13},"end":{"line":31,"column":79}},"type":"if","locations":[{"start":{"line":31,"column":13},"end":{"line":31,"column":79}},{"start":{"line":31,"column":13},"end":{"line":31,"column":79}}],"line":31},"4":{"loc":{"start":{"line":34,"column":6},"end":{"line":54,"column":48}},"type":"if","locations":[{"start":{"line":34,"column":6},"end":{"line":54,"column":48}},{"start":{"line":34,"column":6},"end":{"line":54,"column":48}}],"line":34},"5":{"loc":{"start":{"line":35,"column":8},"end":{"line":53,"column":9}},"type":"if","locations":[{"start":{"line":35,"column":8},"end":{"line":53,"column":9}},{"start":{"line":35,"column":8},"end":{"line":53,"column":9}}],"line":35},"6":{"loc":{"start":{"line":57,"column":6},"end":{"line":76,"column":48}},"type":"if","locations":[{"start":{"line":57,"column":6},"end":{"line":76,"column":48}},{"start":{"line":57,"column":6},"end":{"line":76,"column":48}}],"line":57},"7":{"loc":{"start":{"line":58,"column":8},"end":{"line":75,"column":9}},"type":"if","locations":[{"start":{"line":58,"column":8},"end":{"line":75,"column":9}},{"start":{"line":58,"column":8},"end":{"line":75,"column":9}}],"line":58},"8":{"loc":{"start":{"line":58,"column":12},"end":{"line":58,"column":71}},"type":"binary-expr","locations":[{"start":{"line":58,"column":12},"end":{"line":58,"column":30}},{"start":{"line":58,"column":34},"end":{"line":58,"column":71}}],"line":58},"9":{"loc":{"start":{"line":79,"column":6},"end":{"line":92,"column":49}},"type":"if","locations":[{"start":{"line":79,"column":6},"end":{"line":92,"column":49}},{"start":{"line":79,"column":6},"end":{"line":92,"column":49}}],"line":79},"10":{"loc":{"start":{"line":81,"column":8},"end":{"line":91,"column":9}},"type":"if","locations":[{"start":{"line":81,"column":8},"end":{"line":91,"column":9}},{"start":{"line":81,"column":8},"end":{"line":91,"column":9}}],"line":81}},"s":{"0":2,"1":0,"2":0,"3":0,"4":2,"5":12,"6":3,"7":3,"8":9,"9":3,"10":1,"11":3,"12":6,"13":6,"14":1,"15":1,"16":1,"17":1,"18":1,"19":1,"20":0,"21":0,"22":0,"23":0,"24":1,"25":1,"26":1,"27":1,"28":1,"29":1,"30":0,"31":0,"32":0,"33":1,"34":1,"35":1,"36":1,"37":1,"38":1,"39":0},"f":{"0":0,"1":0,"2":0,"3":12,"4":1,"5":1,"6":1,"7":1,"8":1,"9":1,"10":1,"11":1,"12":1},"b":{"0":[3,9],"1":[3,6],"2":[1,2],"3":[6,0],"4":[1,0],"5":[1,0],"6":[1,0],"7":[1,0],"8":[1,1],"9":[1,0],"10":[1,0]},"_coverageSchema":"43e27e138ebf9cfc5966b082cf9a028302ed4184","hash":"e7f60a4b380a67216bd4452feb0e0e4aa7cdcd1a"}
,"C:\\Users\\Admin\\Desktop\\Kasope\\Work\\Vue Projects\\stock-trader-app\\src\\router\\index.js": {"path":"C:\\Users\\Admin\\Desktop\\Kasope\\Work\\Vue Projects\\stock-trader-app\\src\\router\\index.js","statementMap":{"0":{"start":{"line":7,"column":0},"end":{"line":7,"column":19}},"1":{"start":{"line":9,"column":15},"end":{"line":75,"column":1}},"2":{"start":{"line":19,"column":6},"end":{"line":19,"column":65}},"3":{"start":{"line":28,"column":6},"end":{"line":28,"column":71}},"4":{"start":{"line":37,"column":6},"end":{"line":37,"column":70}},"5":{"start":{"line":46,"column":6},"end":{"line":46,"column":69}},"6":{"start":{"line":55,"column":6},"end":{"line":55,"column":66}},"7":{"start":{"line":64,"column":6},"end":{"line":64,"column":68}},"8":{"start":{"line":73,"column":6},"end":{"line":73,"column":67}},"9":{"start":{"line":77,"column":15},"end":{"line":81,"column":2}},"10":{"start":{"line":82,"column":0},"end":{"line":97,"column":3}},"11":{"start":{"line":83,"column":2},"end":{"line":96,"column":10}},"12":{"start":{"line":84,"column":4},"end":{"line":95,"column":18}},"13":{"start":{"line":89,"column":6},"end":{"line":89,"column":21}},"14":{"start":{"line":90,"column":11},"end":{"line":95,"column":18}},"15":{"start":{"line":94,"column":6},"end":{"line":94,"column":20}},"16":{"start":{"line":95,"column":11},"end":{"line":95,"column":18}}},"fnMap":{"0":{"name":"(anonymous_0)","decl":{"start":{"line":18,"column":15},"end":{"line":18,"column":16}},"loc":{"start":{"line":19,"column":6},"end":{"line":19,"column":65}},"line":19},"1":{"name":"(anonymous_1)","decl":{"start":{"line":27,"column":15},"end":{"line":27,"column":16}},"loc":{"start":{"line":28,"column":6},"end":{"line":28,"column":71}},"line":28},"2":{"name":"(anonymous_2)","decl":{"start":{"line":36,"column":15},"end":{"line":36,"column":16}},"loc":{"start":{"line":37,"column":6},"end":{"line":37,"column":70}},"line":37},"3":{"name":"(anonymous_3)","decl":{"start":{"line":45,"column":15},"end":{"line":45,"column":16}},"loc":{"start":{"line":46,"column":6},"end":{"line":46,"column":69}},"line":46},"4":{"name":"(anonymous_4)","decl":{"start":{"line":54,"column":15},"end":{"line":54,"column":16}},"loc":{"start":{"line":55,"column":6},"end":{"line":55,"column":66}},"line":55},"5":{"name":"(anonymous_5)","decl":{"start":{"line":63,"column":15},"end":{"line":63,"column":16}},"loc":{"start":{"line":64,"column":6},"end":{"line":64,"column":68}},"line":64},"6":{"name":"(anonymous_6)","decl":{"start":{"line":72,"column":15},"end":{"line":72,"column":16}},"loc":{"start":{"line":73,"column":6},"end":{"line":73,"column":67}},"line":73},"7":{"name":"(anonymous_7)","decl":{"start":{"line":82,"column":18},"end":{"line":82,"column":19}},"loc":{"start":{"line":82,"column":38},"end":{"line":97,"column":1}},"line":82},"8":{"name":"(anonymous_8)","decl":{"start":{"line":83,"column":13},"end":{"line":83,"column":14}},"loc":{"start":{"line":83,"column":19},"end":{"line":96,"column":3}},"line":83}},"branchMap":{"0":{"loc":{"start":{"line":84,"column":4},"end":{"line":95,"column":18}},"type":"if","locations":[{"start":{"line":84,"column":4},"end":{"line":95,"column":18}},{"start":{"line":84,"column":4},"end":{"line":95,"column":18}}],"line":84},"1":{"loc":{"start":{"line":85,"column":6},"end":{"line":87,"column":48}},"type":"binary-expr","locations":[{"start":{"line":85,"column":6},"end":{"line":85,"column":25}},{"start":{"line":86,"column":6},"end":{"line":86,"column":28}},{"start":{"line":87,"column":6},"end":{"line":87,"column":48}}],"line":85},"2":{"loc":{"start":{"line":90,"column":11},"end":{"line":95,"column":18}},"type":"if","locations":[{"start":{"line":90,"column":11},"end":{"line":95,"column":18}},{"start":{"line":90,"column":11},"end":{"line":95,"column":18}}],"line":90},"3":{"loc":{"start":{"line":91,"column":6},"end":{"line":92,"column":47}},"type":"binary-expr","locations":[{"start":{"line":91,"column":7},"end":{"line":91,"column":26}},{"start":{"line":91,"column":30},"end":{"line":91,"column":52}},{"start":{"line":92,"column":6},"end":{"line":92,"column":47}}],"line":91}},"s":{"0":0,"1":0,"2":0,"3":0,"4":0,"5":0,"6":0,"7":0,"8":0,"9":0,"10":0,"11":0,"12":0,"13":0,"14":0,"15":0,"16":0},"f":{"0":0,"1":0,"2":0,"3":0,"4":0,"5":0,"6":0,"7":0,"8":0},"b":{"0":[0,0],"1":[0,0,0],"2":[0,0],"3":[0,0,0]},"hash":"01ed70d1d8451d7513986fa138f436b94377a218"}
,"C:\\Users\\Admin\\Desktop\\Kasope\\Work\\Vue Projects\\stock-trader-app\\src\\store\\index.js": {"path":"C:\\Users\\Admin\\Desktop\\Kasope\\Work\\Vue Projects\\stock-trader-app\\src\\store\\index.js","statementMap":{"0":{"start":{"line":9,"column":0},"end":{"line":9,"column":14}},"1":{"start":{"line":20,"column":6},"end":{"line":20,"column":31}},"2":{"start":{"line":23,"column":6},"end":{"line":23,"column":25}},"3":{"start":{"line":26,"column":6},"end":{"line":26,"column":26}}},"fnMap":{"0":{"name":"(anonymous_0)","decl":{"start":{"line":19,"column":4},"end":{"line":19,"column":5}},"loc":{"start":{"line":19,"column":34},"end":{"line":21,"column":5}},"line":19},"1":{"name":"(anonymous_1)","decl":{"start":{"line":22,"column":4},"end":{"line":22,"column":5}},"loc":{"start":{"line":22,"column":22},"end":{"line":24,"column":5}},"line":22},"2":{"name":"(anonymous_2)","decl":{"start":{"line":25,"column":4},"end":{"line":25,"column":5}},"loc":{"start":{"line":25,"column":29},"end":{"line":27,"column":5}},"line":25}},"branchMap":{},"s":{"0":0,"1":0,"2":0,"3":0},"f":{"0":0,"1":0,"2":0},"b":{},"hash":"ba972834a80ea9182d6f24e7ae09b0c4a5ebd928"}
,"C:\\Users\\Admin\\Desktop\\Kasope\\Work\\Vue Projects\\stock-trader-app\\src\\store\\modules\\account-management-store.js": {"path":"C:\\Users\\Admin\\Desktop\\Kasope\\Work\\Vue Projects\\stock-trader-app\\src\\store\\modules\\account-management-store.js","statementMap":{"0":{"start":{"line":3,"column":14},"end":{"line":5,"column":1}},"1":{"start":{"line":6,"column":16},"end":{"line":18,"column":1}},"2":{"start":{"line":8,"column":4},"end":{"line":10,"column":11}},"3":{"start":{"line":13,"column":4},"end":{"line":13,"column":33}},"4":{"start":{"line":16,"column":4},"end":{"line":16,"column":73}},"5":{"start":{"line":19,"column":16},"end":{"line":103,"column":1}},"6":{"start":{"line":21,"column":4},"end":{"line":21,"column":28}},"7":{"start":{"line":22,"column":4},"end":{"line":22,"column":74}},"8":{"start":{"line":23,"column":4},"end":{"line":34,"column":9}},"9":{"start":{"line":29,"column":8},"end":{"line":29,"column":37}},"10":{"start":{"line":30,"column":8},"end":{"line":30,"column":36}},"11":{"start":{"line":33,"column":8},"end":{"line":33,"column":79}},"12":{"start":{"line":37,"column":4},"end":{"line":54,"column":9}},"13":{"start":{"line":40,"column":21},"end":{"line":40,"column":29}},"14":{"start":{"line":42,"column":8},"end":{"line":52,"column":9}},"15":{"start":{"line":43,"column":10},"end":{"line":51,"column":11}},"16":{"start":{"line":44,"column":12},"end":{"line":44,"column":42}},"17":{"start":{"line":45,"column":12},"end":{"line":45,"column":79}},"18":{"start":{"line":46,"column":12},"end":{"line":46,"column":41}},"19":{"start":{"line":47,"column":12},"end":{"line":47,"column":74}},"20":{"start":{"line":48,"column":12},"end":{"line":48,"column":74}},"21":{"start":{"line":49,"column":12},"end":{"line":49,"column":28}},"22":{"start":{"line":50,"column":12},"end":{"line":50,"column":19}},"23":{"start":{"line":53,"column":8},"end":{"line":53,"column":27}},"24":{"start":{"line":57,"column":4},"end":{"line":71,"column":8}},"25":{"start":{"line":58,"column":6},"end":{"line":66,"column":11}},"26":{"start":{"line":65,"column":10},"end":{"line":65,"column":53}},"27":{"start":{"line":68,"column":6},"end":{"line":71,"column":8}},"28":{"start":{"line":74,"column":4},"end":{"line":84,"column":9}},"29":{"start":{"line":80,"column":28},"end":{"line":80,"column":36}},"30":{"start":{"line":81,"column":8},"end":{"line":81,"column":75}},"31":{"start":{"line":82,"column":8},"end":{"line":82,"column":37}},"32":{"start":{"line":83,"column":8},"end":{"line":83,"column":77}},"33":{"start":{"line":87,"column":4},"end":{"line":87,"column":29}},"34":{"start":{"line":88,"column":4},"end":{"line":88,"column":35}},"35":{"start":{"line":89,"column":4},"end":{"line":89,"column":75}},"36":{"start":{"line":92,"column":4},"end":{"line":92,"column":41}},"37":{"start":{"line":93,"column":4},"end":{"line":95,"column":7}},"38":{"start":{"line":98,"column":4},"end":{"line":98,"column":48}},"39":{"start":{"line":99,"column":4},"end":{"line":101,"column":7}},"40":{"start":{"line":104,"column":18},"end":{"line":126,"column":1}},"41":{"start":{"line":106,"column":4},"end":{"line":106,"column":28}},"42":{"start":{"line":107,"column":4},"end":{"line":109,"column":5}},"43":{"start":{"line":108,"column":6},"end":{"line":108,"column":45}},"44":{"start":{"line":112,"column":4},"end":{"line":112,"column":35}},"45":{"start":{"line":115,"column":4},"end":{"line":115,"column":40}},"46":{"start":{"line":118,"column":4},"end":{"line":118,"column":41}},"47":{"start":{"line":121,"column":4},"end":{"line":121,"column":52}},"48":{"start":{"line":124,"column":4},"end":{"line":124,"column":25}}},"fnMap":{"0":{"name":"(anonymous_0)","decl":{"start":{"line":7,"column":2},"end":{"line":7,"column":3}},"loc":{"start":{"line":7,"column":14},"end":{"line":11,"column":3}},"line":7},"1":{"name":"(anonymous_1)","decl":{"start":{"line":12,"column":2},"end":{"line":12,"column":3}},"loc":{"start":{"line":12,"column":16},"end":{"line":14,"column":3}},"line":12},"2":{"name":"(anonymous_2)","decl":{"start":{"line":15,"column":2},"end":{"line":15,"column":3}},"loc":{"start":{"line":15,"column":16},"end":{"line":17,"column":3}},"line":15},"3":{"name":"(anonymous_3)","decl":{"start":{"line":20,"column":2},"end":{"line":20,"column":3}},"loc":{"start":{"line":20,"column":65},"end":{"line":35,"column":3}},"line":20},"4":{"name":"(anonymous_4)","decl":{"start":{"line":28,"column":12},"end":{"line":28,"column":13}},"loc":{"start":{"line":28,"column":18},"end":{"line":31,"column":7}},"line":28},"5":{"name":"(anonymous_5)","decl":{"start":{"line":32,"column":13},"end":{"line":32,"column":14}},"loc":{"start":{"line":32,"column":24},"end":{"line":34,"column":7}},"line":32},"6":{"name":"(anonymous_6)","decl":{"start":{"line":36,"column":2},"end":{"line":36,"column":3}},"loc":{"start":{"line":36,"column":52},"end":{"line":55,"column":3}},"line":36},"7":{"name":"(anonymous_7)","decl":{"start":{"line":39,"column":12},"end":{"line":39,"column":13}},"loc":{"start":{"line":39,"column":21},"end":{"line":54,"column":7}},"line":39},"8":{"name":"(anonymous_8)","decl":{"start":{"line":56,"column":2},"end":{"line":56,"column":3}},"loc":{"start":{"line":56,"column":69},"end":{"line":72,"column":3}},"line":56},"9":{"name":"(anonymous_9)","decl":{"start":{"line":64,"column":14},"end":{"line":64,"column":15}},"loc":{"start":{"line":64,"column":20},"end":{"line":66,"column":9}},"line":64},"10":{"name":"(anonymous_10)","decl":{"start":{"line":73,"column":2},"end":{"line":73,"column":3}},"loc":{"start":{"line":73,"column":56},"end":{"line":85,"column":3}},"line":73},"11":{"name":"(anonymous_11)","decl":{"start":{"line":79,"column":12},"end":{"line":79,"column":13}},"loc":{"start":{"line":79,"column":21},"end":{"line":84,"column":7}},"line":79},"12":{"name":"(anonymous_12)","decl":{"start":{"line":86,"column":2},"end":{"line":86,"column":3}},"loc":{"start":{"line":86,"column":58},"end":{"line":90,"column":3}},"line":86},"13":{"name":"(anonymous_13)","decl":{"start":{"line":91,"column":2},"end":{"line":91,"column":3}},"loc":{"start":{"line":91,"column":72},"end":{"line":96,"column":3}},"line":91},"14":{"name":"(anonymous_14)","decl":{"start":{"line":97,"column":2},"end":{"line":97,"column":3}},"loc":{"start":{"line":97,"column":65},"end":{"line":102,"column":3}},"line":97},"15":{"name":"(anonymous_15)","decl":{"start":{"line":105,"column":2},"end":{"line":105,"column":3}},"loc":{"start":{"line":105,"column":35},"end":{"line":110,"column":3}},"line":105},"16":{"name":"(anonymous_16)","decl":{"start":{"line":111,"column":2},"end":{"line":111,"column":3}},"loc":{"start":{"line":111,"column":30},"end":{"line":113,"column":3}},"line":111},"17":{"name":"(anonymous_17)","decl":{"start":{"line":114,"column":2},"end":{"line":114,"column":3}},"loc":{"start":{"line":114,"column":33},"end":{"line":116,"column":3}},"line":114},"18":{"name":"(anonymous_18)","decl":{"start":{"line":117,"column":2},"end":{"line":117,"column":3}},"loc":{"start":{"line":117,"column":36},"end":{"line":119,"column":3}},"line":117},"19":{"name":"(anonymous_19)","decl":{"start":{"line":120,"column":2},"end":{"line":120,"column":3}},"loc":{"start":{"line":120,"column":43},"end":{"line":122,"column":3}},"line":120},"20":{"name":"(anonymous_20)","decl":{"start":{"line":123,"column":2},"end":{"line":123,"column":3}},"loc":{"start":{"line":123,"column":22},"end":{"line":125,"column":3}},"line":123}},"branchMap":{"0":{"loc":{"start":{"line":8,"column":11},"end":{"line":10,"column":10}},"type":"cond-expr","locations":[{"start":{"line":9,"column":8},"end":{"line":9,"column":70}},{"start":{"line":10,"column":8},"end":{"line":10,"column":10}}],"line":8},"1":{"loc":{"start":{"line":16,"column":11},"end":{"line":16,"column":72}},"type":"cond-expr","locations":[{"start":{"line":16,"column":41},"end":{"line":16,"column":68}},{"start":{"line":16,"column":71},"end":{"line":16,"column":72}}],"line":16},"2":{"loc":{"start":{"line":43,"column":10},"end":{"line":51,"column":11}},"type":"if","locations":[{"start":{"line":43,"column":10},"end":{"line":51,"column":11}},{"start":{"line":43,"column":10},"end":{"line":51,"column":11}}],"line":43},"3":{"loc":{"start":{"line":57,"column":4},"end":{"line":71,"column":8}},"type":"if","locations":[{"start":{"line":57,"column":4},"end":{"line":71,"column":8}},{"start":{"line":57,"column":4},"end":{"line":71,"column":8}}],"line":57},"4":{"loc":{"start":{"line":107,"column":4},"end":{"line":109,"column":5}},"type":"if","locations":[{"start":{"line":107,"column":4},"end":{"line":109,"column":5}},{"start":{"line":107,"column":4},"end":{"line":109,"column":5}}],"line":107}},"s":{"0":2,"1":2,"2":0,"3":0,"4":0,"5":2,"6":0,"7":0,"8":0,"9":0,"10":0,"11":0,"12":0,"13":0,"14":0,"15":0,"16":0,"17":0,"18":0,"19":0,"20":0,"21":0,"22":0,"23":0,"24":0,"25":0,"26":0,"27":0,"28":0,"29":0,"30":0,"31":0,"32":0,"33":0,"34":0,"35":0,"36":0,"37":0,"38":0,"39":0,"40":2,"41":0,"42":0,"43":0,"44":0,"45":0,"46":0,"47":0,"48":0},"f":{"0":0,"1":0,"2":0,"3":0,"4":0,"5":0,"6":0,"7":0,"8":0,"9":0,"10":0,"11":0,"12":0,"13":0,"14":0,"15":0,"16":0,"17":0,"18":0,"19":0,"20":0},"b":{"0":[0,0],"1":[0,0],"2":[0,0],"3":[0,0],"4":[0,0]},"_coverageSchema":"43e27e138ebf9cfc5966b082cf9a028302ed4184","hash":"364b778e2dc0efe2ceb3f437cbdc6b3428c0bbc1"}
,"C:\\Users\\Admin\\Desktop\\Kasope\\Work\\Vue Projects\\stock-trader-app\\src\\store\\modules\\auth-store.js": {"path":"C:\\Users\\Admin\\Desktop\\Kasope\\Work\\Vue Projects\\stock-trader-app\\src\\store\\modules\\auth-store.js","statementMap":{"0":{"start":{"line":3,"column":14},"end":{"line":8,"column":1}},"1":{"start":{"line":9,"column":16},"end":{"line":13,"column":1}},"2":{"start":{"line":11,"column":4},"end":{"line":11,"column":31}},"3":{"start":{"line":15,"column":16},"end":{"line":125,"column":1}},"4":{"start":{"line":17,"column":4},"end":{"line":33,"column":9}},"5":{"start":{"line":24,"column":8},"end":{"line":24,"column":76}},"6":{"start":{"line":27,"column":8},"end":{"line":27,"column":25}},"7":{"start":{"line":28,"column":25},"end":{"line":28,"column":33}},"8":{"start":{"line":29,"column":8},"end":{"line":29,"column":78}},"9":{"start":{"line":30,"column":8},"end":{"line":30,"column":42}},"10":{"start":{"line":31,"column":8},"end":{"line":31,"column":44}},"11":{"start":{"line":32,"column":8},"end":{"line":32,"column":50}},"12":{"start":{"line":36,"column":4},"end":{"line":59,"column":9}},"13":{"start":{"line":46,"column":8},"end":{"line":46,"column":68}},"14":{"start":{"line":47,"column":8},"end":{"line":47,"column":20}},"15":{"start":{"line":50,"column":25},"end":{"line":50,"column":33}},"16":{"start":{"line":51,"column":8},"end":{"line":51,"column":78}},"17":{"start":{"line":52,"column":8},"end":{"line":52,"column":42}},"18":{"start":{"line":53,"column":8},"end":{"line":53,"column":44}},"19":{"start":{"line":54,"column":8},"end":{"line":54,"column":37}},"20":{"start":{"line":55,"column":8},"end":{"line":55,"column":36}},"21":{"start":{"line":58,"column":8},"end":{"line":58,"column":25}},"22":{"start":{"line":62,"column":4},"end":{"line":62,"column":51}},"23":{"start":{"line":63,"column":49},"end":{"line":63,"column":74}},"24":{"start":{"line":64,"column":4},"end":{"line":67,"column":6}},"25":{"start":{"line":68,"column":4},"end":{"line":68,"column":36}},"26":{"start":{"line":71,"column":4},"end":{"line":73,"column":47}},"27":{"start":{"line":72,"column":6},"end":{"line":72,"column":30}},"28":{"start":{"line":76,"column":4},"end":{"line":103,"column":9}},"29":{"start":{"line":90,"column":8},"end":{"line":90,"column":75}},"30":{"start":{"line":91,"column":8},"end":{"line":91,"column":25}},"31":{"start":{"line":92,"column":8},"end":{"line":92,"column":20}},"32":{"start":{"line":95,"column":21},"end":{"line":95,"column":29}},"33":{"start":{"line":96,"column":8},"end":{"line":100,"column":11}},"34":{"start":{"line":101,"column":8},"end":{"line":101,"column":24}},"35":{"start":{"line":102,"column":8},"end":{"line":102,"column":36}},"36":{"start":{"line":106,"column":4},"end":{"line":119,"column":5}},"37":{"start":{"line":107,"column":20},"end":{"line":107,"column":49}},"38":{"start":{"line":108,"column":23},"end":{"line":108,"column":63}},"39":{"start":{"line":109,"column":6},"end":{"line":111,"column":7}},"40":{"start":{"line":110,"column":8},"end":{"line":110,"column":54}},"41":{"start":{"line":112,"column":6},"end":{"line":112,"column":34}},"42":{"start":{"line":113,"column":6},"end":{"line":113,"column":40}},"43":{"start":{"line":114,"column":6},"end":{"line":114,"column":35}},"44":{"start":{"line":115,"column":6},"end":{"line":115,"column":34}},"45":{"start":{"line":117,"column":6},"end":{"line":117,"column":25}},"46":{"start":{"line":118,"column":6},"end":{"line":118,"column":25}},"47":{"start":{"line":122,"column":4},"end":{"line":122,"column":21}},"48":{"start":{"line":123,"column":4},"end":{"line":123,"column":27}},"49":{"start":{"line":127,"column":18},"end":{"line":143,"column":1}},"50":{"start":{"line":129,"column":4},"end":{"line":129,"column":37}},"51":{"start":{"line":130,"column":4},"end":{"line":130,"column":41}},"52":{"start":{"line":131,"column":4},"end":{"line":131,"column":47}},"53":{"start":{"line":134,"column":4},"end":{"line":134,"column":31}},"54":{"start":{"line":137,"column":4},"end":{"line":139,"column":5}},"55":{"start":{"line":138,"column":6},"end":{"line":138,"column":22}},"56":{"start":{"line":140,"column":4},"end":{"line":140,"column":36}},"57":{"start":{"line":141,"column":4},"end":{"line":141,"column":37}}},"fnMap":{"0":{"name":"(anonymous_0)","decl":{"start":{"line":10,"column":2},"end":{"line":10,"column":3}},"loc":{"start":{"line":10,"column":25},"end":{"line":12,"column":3}},"line":10},"1":{"name":"(anonymous_1)","decl":{"start":{"line":16,"column":2},"end":{"line":16,"column":3}},"loc":{"start":{"line":16,"column":57},"end":{"line":34,"column":3}},"line":16},"2":{"name":"(anonymous_2)","decl":{"start":{"line":23,"column":13},"end":{"line":23,"column":14}},"loc":{"start":{"line":23,"column":24},"end":{"line":25,"column":7}},"line":23},"3":{"name":"(anonymous_3)","decl":{"start":{"line":26,"column":12},"end":{"line":26,"column":13}},"loc":{"start":{"line":26,"column":21},"end":{"line":33,"column":7}},"line":26},"4":{"name":"(anonymous_4)","decl":{"start":{"line":35,"column":2},"end":{"line":35,"column":3}},"loc":{"start":{"line":35,"column":46},"end":{"line":60,"column":3}},"line":35},"5":{"name":"(anonymous_5)","decl":{"start":{"line":45,"column":13},"end":{"line":45,"column":14}},"loc":{"start":{"line":45,"column":24},"end":{"line":48,"column":7}},"line":45},"6":{"name":"(anonymous_6)","decl":{"start":{"line":49,"column":12},"end":{"line":49,"column":13}},"loc":{"start":{"line":49,"column":21},"end":{"line":56,"column":7}},"line":49},"7":{"name":"(anonymous_7)","decl":{"start":{"line":57,"column":13},"end":{"line":57,"column":14}},"loc":{"start":{"line":57,"column":22},"end":{"line":59,"column":7}},"line":57},"8":{"name":"(anonymous_8)","decl":{"start":{"line":61,"column":2},"end":{"line":61,"column":3}},"loc":{"start":{"line":61,"column":43},"end":{"line":69,"column":3}},"line":61},"9":{"name":"(anonymous_9)","decl":{"start":{"line":70,"column":2},"end":{"line":70,"column":3}},"loc":{"start":{"line":70,"column":43},"end":{"line":74,"column":3}},"line":70},"10":{"name":"(anonymous_10)","decl":{"start":{"line":71,"column":15},"end":{"line":71,"column":16}},"loc":{"start":{"line":71,"column":27},"end":{"line":73,"column":5}},"line":71},"11":{"name":"(anonymous_11)","decl":{"start":{"line":75,"column":2},"end":{"line":75,"column":3}},"loc":{"start":{"line":75,"column":43},"end":{"line":104,"column":3}},"line":75},"12":{"name":"(anonymous_12)","decl":{"start":{"line":89,"column":13},"end":{"line":89,"column":14}},"loc":{"start":{"line":89,"column":24},"end":{"line":93,"column":7}},"line":89},"13":{"name":"(anonymous_13)","decl":{"start":{"line":94,"column":12},"end":{"line":94,"column":13}},"loc":{"start":{"line":94,"column":21},"end":{"line":103,"column":7}},"line":94},"14":{"name":"(anonymous_14)","decl":{"start":{"line":105,"column":2},"end":{"line":105,"column":3}},"loc":{"start":{"line":105,"column":43},"end":{"line":120,"column":3}},"line":105},"15":{"name":"(anonymous_15)","decl":{"start":{"line":121,"column":2},"end":{"line":121,"column":3}},"loc":{"start":{"line":121,"column":21},"end":{"line":124,"column":3}},"line":121},"16":{"name":"(anonymous_16)","decl":{"start":{"line":128,"column":2},"end":{"line":128,"column":3}},"loc":{"start":{"line":128,"column":33},"end":{"line":132,"column":3}},"line":128},"17":{"name":"(anonymous_17)","decl":{"start":{"line":133,"column":2},"end":{"line":133,"column":3}},"loc":{"start":{"line":133,"column":15},"end":{"line":135,"column":3}},"line":133},"18":{"name":"(anonymous_18)","decl":{"start":{"line":136,"column":2},"end":{"line":136,"column":3}},"loc":{"start":{"line":136,"column":16},"end":{"line":142,"column":3}},"line":136}},"branchMap":{"0":{"loc":{"start":{"line":109,"column":6},"end":{"line":111,"column":7}},"type":"if","locations":[{"start":{"line":109,"column":6},"end":{"line":111,"column":7}},{"start":{"line":109,"column":6},"end":{"line":111,"column":7}}],"line":109},"1":{"loc":{"start":{"line":109,"column":10},"end":{"line":109,"column":61}},"type":"binary-expr","locations":[{"start":{"line":109,"column":10},"end":{"line":109,"column":51}},{"start":{"line":109,"column":55},"end":{"line":109,"column":61}}],"line":109}},"s":{"0":2,"1":2,"2":0,"3":2,"4":0,"5":0,"6":0,"7":0,"8":0,"9":0,"10":0,"11":0,"12":0,"13":0,"14":0,"15":0,"16":0,"17":0,"18":0,"19":0,"20":0,"21":0,"22":0,"23":0,"24":0,"25":0,"26":0,"27":0,"28":0,"29":0,"30":0,"31":0,"32":0,"33":0,"34":0,"35":0,"36":0,"37":0,"38":0,"39":0,"40":0,"41":0,"42":0,"43":0,"44":0,"45":0,"46":0,"47":0,"48":0,"49":2,"50":0,"51":0,"52":0,"53":0,"54":0,"55":0,"56":0,"57":0},"f":{"0":0,"1":0,"2":0,"3":0,"4":0,"5":0,"6":0,"7":0,"8":0,"9":0,"10":0,"11":0,"12":0,"13":0,"14":0,"15":0,"16":0,"17":0,"18":0},"b":{"0":[0,0],"1":[0,0]},"_coverageSchema":"43e27e138ebf9cfc5966b082cf9a028302ed4184","hash":"fe55700cf8a19d49e8afe36178556e1af6e34d43"}
,"C:\\Users\\Admin\\Desktop\\Kasope\\Work\\Vue Projects\\stock-trader-app\\src\\store\\modules\\shares.js": {"path":"C:\\Users\\Admin\\Desktop\\Kasope\\Work\\Vue Projects\\stock-trader-app\\src\\store\\modules\\shares.js","statementMap":{"0":{"start":{"line":1,"column":15},"end":{"line":81,"column":1}},"1":{"start":{"line":82,"column":0},"end":{"line":84,"column":1}},"2":{"start":{"line":82,"column":17},"end":{"line":82,"column":18}},"3":{"start":{"line":83,"column":2},"end":{"line":83,"column":28}}},"fnMap":{},"branchMap":{},"s":{"0":0,"1":0,"2":0,"3":0},"f":{},"b":{},"hash":"f2a45ed3f9e52f1104f4e74c5ed6688562ff069d"}
,"C:\\Users\\Admin\\Desktop\\Kasope\\Work\\Vue Projects\\stock-trader-app\\src\\store\\modules\\stock-management-store.js": {"path":"C:\\Users\\Admin\\Desktop\\Kasope\\Work\\Vue Projects\\stock-trader-app\\src\\store\\modules\\stock-management-store.js","statementMap":{"0":{"start":{"line":4,"column":14},"end":{"line":7,"column":1}},"1":{"start":{"line":9,"column":16},"end":{"line":56,"column":1}},"2":{"start":{"line":11,"column":4},"end":{"line":13,"column":14}},"3":{"start":{"line":12,"column":38},"end":{"line":12,"column":64}},"4":{"start":{"line":16,"column":4},"end":{"line":20,"column":6}},"5":{"start":{"line":18,"column":8},"end":{"line":18,"column":64}},"6":{"start":{"line":23,"column":28},"end":{"line":23,"column":42}},"7":{"start":{"line":25,"column":4},"end":{"line":30,"column":7}},"8":{"start":{"line":26,"column":6},"end":{"line":29,"column":7}},"9":{"start":{"line":27,"column":8},"end":{"line":27,"column":59}},"10":{"start":{"line":28,"column":8},"end":{"line":28,"column":41}},"11":{"start":{"line":31,"column":4},"end":{"line":37,"column":8}},"12":{"start":{"line":32,"column":6},"end":{"line":32,"column":55}},"13":{"start":{"line":34,"column":6},"end":{"line":37,"column":8}},"14":{"start":{"line":40,"column":27},"end":{"line":40,"column":40}},"15":{"start":{"line":42,"column":4},"end":{"line":47,"column":7}},"16":{"start":{"line":43,"column":6},"end":{"line":46,"column":7}},"17":{"start":{"line":44,"column":8},"end":{"line":44,"column":58}},"18":{"start":{"line":45,"column":8},"end":{"line":45,"column":42}},"19":{"start":{"line":48,"column":4},"end":{"line":54,"column":8}},"20":{"start":{"line":49,"column":6},"end":{"line":49,"column":56}},"21":{"start":{"line":51,"column":6},"end":{"line":54,"column":8}},"22":{"start":{"line":58,"column":16},"end":{"line":227,"column":1}},"23":{"start":{"line":60,"column":4},"end":{"line":75,"column":9}},"24":{"start":{"line":66,"column":21},"end":{"line":66,"column":37}},"25":{"start":{"line":67,"column":8},"end":{"line":67,"column":38}},"26":{"start":{"line":68,"column":31},"end":{"line":70,"column":10}},"27":{"start":{"line":69,"column":10},"end":{"line":69,"column":32}},"28":{"start":{"line":71,"column":8},"end":{"line":71,"column":30}},"29":{"start":{"line":74,"column":8},"end":{"line":74,"column":51}},"30":{"start":{"line":76,"column":4},"end":{"line":78,"column":17}},"31":{"start":{"line":77,"column":6},"end":{"line":77,"column":39}},"32":{"start":{"line":81,"column":16},"end":{"line":81,"column":17}},"33":{"start":{"line":82,"column":14},"end":{"line":82,"column":16}},"34":{"start":{"line":83,"column":27},"end":{"line":83,"column":29}},"35":{"start":{"line":85,"column":19},"end":{"line":118,"column":13}},"36":{"start":{"line":86,"column":33},"end":{"line":86,"column":70}},"37":{"start":{"line":87,"column":6},"end":{"line":111,"column":11}},"38":{"start":{"line":96,"column":10},"end":{"line":100,"column":12}},"39":{"start":{"line":101,"column":10},"end":{"line":101,"column":38}},"40":{"start":{"line":102,"column":10},"end":{"line":110,"column":11}},"41":{"start":{"line":103,"column":12},"end":{"line":103,"column":53}},"42":{"start":{"line":104,"column":12},"end":{"line":104,"column":79}},"43":{"start":{"line":105,"column":33},"end":{"line":108,"column":35}},"44":{"start":{"line":109,"column":12},"end":{"line":109,"column":72}},"45":{"start":{"line":112,"column":6},"end":{"line":112,"column":18}},"46":{"start":{"line":113,"column":6},"end":{"line":113,"column":16}},"47":{"start":{"line":114,"column":6},"end":{"line":117,"column":7}},"48":{"start":{"line":115,"column":8},"end":{"line":115,"column":27}},"49":{"start":{"line":116,"column":8},"end":{"line":116,"column":32}},"50":{"start":{"line":121,"column":26},"end":{"line":123,"column":5}},"51":{"start":{"line":122,"column":17},"end":{"line":122,"column":67}},"52":{"start":{"line":124,"column":4},"end":{"line":134,"column":5}},"53":{"start":{"line":125,"column":6},"end":{"line":128,"column":9}},"54":{"start":{"line":130,"column":6},"end":{"line":133,"column":9}},"55":{"start":{"line":135,"column":4},"end":{"line":141,"column":6}},"56":{"start":{"line":144,"column":4},"end":{"line":147,"column":7}},"57":{"start":{"line":148,"column":4},"end":{"line":154,"column":6}},"58":{"start":{"line":157,"column":16},"end":{"line":157,"column":17}},"59":{"start":{"line":158,"column":27},"end":{"line":158,"column":29}},"60":{"start":{"line":160,"column":4},"end":{"line":194,"column":5}},"61":{"start":{"line":161,"column":21},"end":{"line":193,"column":15}},"62":{"start":{"line":162,"column":8},"end":{"line":165,"column":9}},"63":{"start":{"line":163,"column":10},"end":{"line":163,"column":29}},"64":{"start":{"line":164,"column":10},"end":{"line":164,"column":34}},"65":{"start":{"line":166,"column":8},"end":{"line":191,"column":13}},"66":{"start":{"line":171,"column":12},"end":{"line":179,"column":13}},"67":{"start":{"line":172,"column":14},"end":{"line":176,"column":16}},"68":{"start":{"line":178,"column":14},"end":{"line":178,"column":65}},"69":{"start":{"line":180,"column":12},"end":{"line":180,"column":40}},"70":{"start":{"line":181,"column":12},"end":{"line":190,"column":13}},"71":{"start":{"line":182,"column":14},"end":{"line":182,"column":68}},"72":{"start":{"line":183,"column":14},"end":{"line":189,"column":16}},"73":{"start":{"line":192,"column":8},"end":{"line":192,"column":16}},"74":{"start":{"line":204,"column":4},"end":{"line":217,"column":5}},"75":{"start":{"line":205,"column":31},"end":{"line":212,"column":11}},"76":{"start":{"line":206,"column":8},"end":{"line":211,"column":12}},"77":{"start":{"line":207,"column":10},"end":{"line":207,"column":64}},"78":{"start":{"line":209,"column":10},"end":{"line":211,"column":12}},"79":{"start":{"line":213,"column":6},"end":{"line":213,"column":72}},"80":{"start":{"line":215,"column":6},"end":{"line":215,"column":25}},"81":{"start":{"line":216,"column":6},"end":{"line":216,"column":30}},"82":{"start":{"line":218,"column":4},"end":{"line":218,"column":67}},"83":{"start":{"line":219,"column":4},"end":{"line":225,"column":6}},"84":{"start":{"line":229,"column":18},"end":{"line":299,"column":1}},"85":{"start":{"line":231,"column":4},"end":{"line":231,"column":60}},"86":{"start":{"line":234,"column":4},"end":{"line":234,"column":64}},"87":{"start":{"line":235,"column":4},"end":{"line":237,"column":7}},"88":{"start":{"line":236,"column":6},"end":{"line":236,"column":42}},"89":{"start":{"line":240,"column":4},"end":{"line":256,"column":7}},"90":{"start":{"line":241,"column":23},"end":{"line":243,"column":11}},"91":{"start":{"line":244,"column":36},"end":{"line":246,"column":11}},"92":{"start":{"line":248,"column":6},"end":{"line":255,"column":8}},"93":{"start":{"line":259,"column":4},"end":{"line":260,"column":30}},"94":{"start":{"line":259,"column":17},"end":{"line":259,"column":43}},"95":{"start":{"line":260,"column":9},"end":{"line":260,"column":30}},"96":{"start":{"line":264,"column":4},"end":{"line":264,"column":47}},"97":{"start":{"line":265,"column":4},"end":{"line":267,"column":5}},"98":{"start":{"line":266,"column":6},"end":{"line":266,"column":72}},"99":{"start":{"line":270,"column":4},"end":{"line":273,"column":7}},"100":{"start":{"line":276,"column":4},"end":{"line":283,"column":7}},"101":{"start":{"line":277,"column":6},"end":{"line":282,"column":7}},"102":{"start":{"line":278,"column":8},"end":{"line":281,"column":9}},"103":{"start":{"line":279,"column":10},"end":{"line":279,"column":63}},"104":{"start":{"line":280,"column":10},"end":{"line":280,"column":61}},"105":{"start":{"line":286,"column":4},"end":{"line":297,"column":7}},"106":{"start":{"line":290,"column":6},"end":{"line":296,"column":8}}},"fnMap":{"0":{"name":"(anonymous_0)","decl":{"start":{"line":10,"column":2},"end":{"line":10,"column":3}},"loc":{"start":{"line":10,"column":37},"end":{"line":14,"column":3}},"line":10},"1":{"name":"(anonymous_1)","decl":{"start":{"line":12,"column":27},"end":{"line":12,"column":28}},"loc":{"start":{"line":12,"column":38},"end":{"line":12,"column":64}},"line":12},"2":{"name":"(anonymous_2)","decl":{"start":{"line":15,"column":2},"end":{"line":15,"column":3}},"loc":{"start":{"line":15,"column":24},"end":{"line":21,"column":3}},"line":15},"3":{"name":"(anonymous_3)","decl":{"start":{"line":17,"column":6},"end":{"line":17,"column":7}},"loc":{"start":{"line":18,"column":8},"end":{"line":18,"column":64}},"line":18},"4":{"name":"(anonymous_4)","decl":{"start":{"line":22,"column":2},"end":{"line":22,"column":3}},"loc":{"start":{"line":22,"column":29},"end":{"line":38,"column":3}},"line":22},"5":{"name":"(anonymous_5)","decl":{"start":{"line":25,"column":28},"end":{"line":25,"column":29}},"loc":{"start":{"line":25,"column":46},"end":{"line":30,"column":5}},"line":25},"6":{"name":"(anonymous_6)","decl":{"start":{"line":39,"column":2},"end":{"line":39,"column":3}},"loc":{"start":{"line":39,"column":30},"end":{"line":55,"column":3}},"line":39},"7":{"name":"(anonymous_7)","decl":{"start":{"line":42,"column":28},"end":{"line":42,"column":29}},"loc":{"start":{"line":42,"column":46},"end":{"line":47,"column":5}},"line":42},"8":{"name":"(anonymous_8)","decl":{"start":{"line":59,"column":2},"end":{"line":59,"column":3}},"loc":{"start":{"line":59,"column":52},"end":{"line":79,"column":3}},"line":59},"9":{"name":"(anonymous_9)","decl":{"start":{"line":65,"column":12},"end":{"line":65,"column":13}},"loc":{"start":{"line":65,"column":21},"end":{"line":72,"column":7}},"line":65},"10":{"name":"(anonymous_10)","decl":{"start":{"line":68,"column":48},"end":{"line":68,"column":49}},"loc":{"start":{"line":68,"column":61},"end":{"line":70,"column":9}},"line":68},"11":{"name":"(anonymous_11)","decl":{"start":{"line":73,"column":12},"end":{"line":73,"column":13}},"loc":{"start":{"line":73,"column":25},"end":{"line":75,"column":7}},"line":73},"12":{"name":"(anonymous_12)","decl":{"start":{"line":76,"column":15},"end":{"line":76,"column":16}},"loc":{"start":{"line":76,"column":21},"end":{"line":78,"column":5}},"line":76},"13":{"name":"(anonymous_13)","decl":{"start":{"line":80,"column":2},"end":{"line":80,"column":3}},"loc":{"start":{"line":80,"column":62},"end":{"line":119,"column":3}},"line":80},"14":{"name":"(anonymous_14)","decl":{"start":{"line":85,"column":31},"end":{"line":85,"column":32}},"loc":{"start":{"line":85,"column":37},"end":{"line":118,"column":5}},"line":85},"15":{"name":"(anonymous_15)","decl":{"start":{"line":95,"column":14},"end":{"line":95,"column":15}},"loc":{"start":{"line":95,"column":23},"end":{"line":111,"column":9}},"line":95},"16":{"name":"(anonymous_16)","decl":{"start":{"line":120,"column":2},"end":{"line":120,"column":3}},"loc":{"start":{"line":120,"column":65},"end":{"line":142,"column":3}},"line":120},"17":{"name":"(anonymous_17)","decl":{"start":{"line":122,"column":6},"end":{"line":122,"column":7}},"loc":{"start":{"line":122,"column":17},"end":{"line":122,"column":67}},"line":122},"18":{"name":"(anonymous_18)","decl":{"start":{"line":143,"column":2},"end":{"line":143,"column":3}},"loc":{"start":{"line":143,"column":65},"end":{"line":155,"column":3}},"line":143},"19":{"name":"(anonymous_19)","decl":{"start":{"line":156,"column":2},"end":{"line":156,"column":3}},"loc":{"start":{"line":156,"column":72},"end":{"line":195,"column":3}},"line":156},"20":{"name":"(anonymous_20)","decl":{"start":{"line":161,"column":33},"end":{"line":161,"column":34}},"loc":{"start":{"line":161,"column":39},"end":{"line":193,"column":7}},"line":161},"21":{"name":"(anonymous_21)","decl":{"start":{"line":170,"column":16},"end":{"line":170,"column":17}},"loc":{"start":{"line":170,"column":25},"end":{"line":191,"column":11}},"line":170},"22":{"name":"(anonymous_22)","decl":{"start":{"line":196,"column":2},"end":{"line":196,"column":3}},"loc":{"start":{"line":202,"column":5},"end":{"line":226,"column":3}},"line":202},"23":{"name":"(anonymous_23)","decl":{"start":{"line":205,"column":54},"end":{"line":205,"column":55}},"loc":{"start":{"line":205,"column":72},"end":{"line":212,"column":7}},"line":205},"24":{"name":"(anonymous_24)","decl":{"start":{"line":230,"column":2},"end":{"line":230,"column":3}},"loc":{"start":{"line":230,"column":32},"end":{"line":232,"column":3}},"line":230},"25":{"name":"(anonymous_25)","decl":{"start":{"line":233,"column":2},"end":{"line":233,"column":3}},"loc":{"start":{"line":233,"column":44},"end":{"line":238,"column":3}},"line":233},"26":{"name":"(anonymous_26)","decl":{"start":{"line":235,"column":22},"end":{"line":235,"column":23}},"loc":{"start":{"line":235,"column":32},"end":{"line":237,"column":5}},"line":235},"27":{"name":"(anonymous_27)","decl":{"start":{"line":239,"column":2},"end":{"line":239,"column":3}},"loc":{"start":{"line":239,"column":33},"end":{"line":257,"column":3}},"line":239},"28":{"name":"(anonymous_28)","decl":{"start":{"line":240,"column":25},"end":{"line":240,"column":26}},"loc":{"start":{"line":240,"column":43},"end":{"line":256,"column":5}},"line":240},"29":{"name":"(anonymous_29)","decl":{"start":{"line":258,"column":2},"end":{"line":258,"column":3}},"loc":{"start":{"line":258,"column":31},"end":{"line":261,"column":3}},"line":258},"30":{"name":"(anonymous_30)","decl":{"start":{"line":262,"column":2},"end":{"line":262,"column":3}},"loc":{"start":{"line":262,"column":45},"end":{"line":268,"column":3}},"line":262},"31":{"name":"(anonymous_31)","decl":{"start":{"line":269,"column":2},"end":{"line":269,"column":3}},"loc":{"start":{"line":269,"column":39},"end":{"line":274,"column":3}},"line":269},"32":{"name":"(anonymous_32)","decl":{"start":{"line":275,"column":2},"end":{"line":275,"column":3}},"loc":{"start":{"line":275,"column":52},"end":{"line":284,"column":3}},"line":275},"33":{"name":"(anonymous_33)","decl":{"start":{"line":276,"column":25},"end":{"line":276,"column":26}},"loc":{"start":{"line":276,"column":36},"end":{"line":283,"column":5}},"line":276},"34":{"name":"(anonymous_34)","decl":{"start":{"line":285,"column":2},"end":{"line":285,"column":3}},"loc":{"start":{"line":285,"column":59},"end":{"line":298,"column":3}},"line":285},"35":{"name":"(anonymous_35)","decl":{"start":{"line":286,"column":28},"end":{"line":286,"column":29}},"loc":{"start":{"line":286,"column":46},"end":{"line":297,"column":5}},"line":286}},"branchMap":{"0":{"loc":{"start":{"line":11,"column":11},"end":{"line":13,"column":13}},"type":"cond-expr","locations":[{"start":{"line":12,"column":8},"end":{"line":12,"column":65}},{"start":{"line":13,"column":8},"end":{"line":13,"column":13}}],"line":11},"1":{"loc":{"start":{"line":26,"column":6},"end":{"line":29,"column":7}},"type":"if","locations":[{"start":{"line":26,"column":6},"end":{"line":29,"column":7}},{"start":{"line":26,"column":6},"end":{"line":29,"column":7}}],"line":26},"2":{"loc":{"start":{"line":31,"column":4},"end":{"line":37,"column":8}},"type":"if","locations":[{"start":{"line":31,"column":4},"end":{"line":37,"column":8}},{"start":{"line":31,"column":4},"end":{"line":37,"column":8}}],"line":31},"3":{"loc":{"start":{"line":43,"column":6},"end":{"line":46,"column":7}},"type":"if","locations":[{"start":{"line":43,"column":6},"end":{"line":46,"column":7}},{"start":{"line":43,"column":6},"end":{"line":46,"column":7}}],"line":43},"4":{"loc":{"start":{"line":48,"column":4},"end":{"line":54,"column":8}},"type":"if","locations":[{"start":{"line":48,"column":4},"end":{"line":54,"column":8}},{"start":{"line":48,"column":4},"end":{"line":54,"column":8}}],"line":48},"5":{"loc":{"start":{"line":102,"column":10},"end":{"line":110,"column":11}},"type":"if","locations":[{"start":{"line":102,"column":10},"end":{"line":110,"column":11}},{"start":{"line":102,"column":10},"end":{"line":110,"column":11}}],"line":102},"6":{"loc":{"start":{"line":114,"column":6},"end":{"line":117,"column":7}},"type":"if","locations":[{"start":{"line":114,"column":6},"end":{"line":117,"column":7}},{"start":{"line":114,"column":6},"end":{"line":117,"column":7}}],"line":114},"7":{"loc":{"start":{"line":124,"column":4},"end":{"line":134,"column":5}},"type":"if","locations":[{"start":{"line":124,"column":4},"end":{"line":134,"column":5}},{"start":{"line":124,"column":4},"end":{"line":134,"column":5}}],"line":124},"8":{"loc":{"start":{"line":160,"column":4},"end":{"line":194,"column":5}},"type":"if","locations":[{"start":{"line":160,"column":4},"end":{"line":194,"column":5}},{"start":{"line":160,"column":4},"end":{"line":194,"column":5}}],"line":160},"9":{"loc":{"start":{"line":162,"column":8},"end":{"line":165,"column":9}},"type":"if","locations":[{"start":{"line":162,"column":8},"end":{"line":165,"column":9}},{"start":{"line":162,"column":8},"end":{"line":165,"column":9}}],"line":162},"10":{"loc":{"start":{"line":181,"column":12},"end":{"line":190,"column":13}},"type":"if","locations":[{"start":{"line":181,"column":12},"end":{"line":190,"column":13}},{"start":{"line":181,"column":12},"end":{"line":190,"column":13}}],"line":181},"11":{"loc":{"start":{"line":206,"column":8},"end":{"line":211,"column":12}},"type":"if","locations":[{"start":{"line":206,"column":8},"end":{"line":211,"column":12}},{"start":{"line":206,"column":8},"end":{"line":211,"column":12}}],"line":206},"12":{"loc":{"start":{"line":236,"column":13},"end":{"line":236,"column":41}},"type":"cond-expr","locations":[{"start":{"line":236,"column":35},"end":{"line":236,"column":37}},{"start":{"line":236,"column":40},"end":{"line":236,"column":41}}],"line":236},"13":{"loc":{"start":{"line":241,"column":23},"end":{"line":243,"column":11}},"type":"cond-expr","locations":[{"start":{"line":242,"column":10},"end":{"line":242,"column":43}},{"start":{"line":243,"column":10},"end":{"line":243,"column":11}}],"line":241},"14":{"loc":{"start":{"line":244,"column":36},"end":{"line":246,"column":11}},"type":"cond-expr","locations":[{"start":{"line":245,"column":10},"end":{"line":245,"column":51}},{"start":{"line":246,"column":10},"end":{"line":246,"column":11}}],"line":244},"15":{"loc":{"start":{"line":259,"column":4},"end":{"line":260,"column":30}},"type":"if","locations":[{"start":{"line":259,"column":4},"end":{"line":260,"column":30}},{"start":{"line":259,"column":4},"end":{"line":260,"column":30}}],"line":259},"16":{"loc":{"start":{"line":265,"column":4},"end":{"line":267,"column":5}},"type":"if","locations":[{"start":{"line":265,"column":4},"end":{"line":267,"column":5}},{"start":{"line":265,"column":4},"end":{"line":267,"column":5}}],"line":265},"17":{"loc":{"start":{"line":278,"column":8},"end":{"line":281,"column":9}},"type":"if","locations":[{"start":{"line":278,"column":8},"end":{"line":281,"column":9}},{"start":{"line":278,"column":8},"end":{"line":281,"column":9}}],"line":278}},"s":{"0":2,"1":2,"2":0,"3":0,"4":0,"5":0,"6":0,"7":0,"8":0,"9":0,"10":0,"11":0,"12":0,"13":0,"14":0,"15":0,"16":0,"17":0,"18":0,"19":0,"20":0,"21":0,"22":2,"23":0,"24":0,"25":0,"26":0,"27":0,"28":0,"29":0,"30":0,"31":0,"32":0,"33":0,"34":0,"35":0,"36":0,"37":0,"38":0,"39":0,"40":0,"41":0,"42":0,"43":0,"44":0,"45":0,"46":0,"47":0,"48":0,"49":0,"50":0,"51":0,"52":0,"53":0,"54":0,"55":0,"56":0,"57":0,"58":0,"59":0,"60":0,"61":0,"62":0,"63":0,"64":0,"65":0,"66":0,"67":0,"68":0,"69":0,"70":0,"71":0,"72":0,"73":0,"74":0,"75":0,"76":0,"77":0,"78":0,"79":0,"80":0,"81":0,"82":0,"83":0,"84":2,"85":0,"86":0,"87":0,"88":0,"89":0,"90":0,"91":0,"92":0,"93":0,"94":0,"95":0,"96":0,"97":0,"98":0,"99":0,"100":0,"101":0,"102":0,"103":0,"104":0,"105":0,"106":0},"f":{"0":0,"1":0,"2":0,"3":0,"4":0,"5":0,"6":0,"7":0,"8":0,"9":0,"10":0,"11":0,"12":0,"13":0,"14":0,"15":0,"16":0,"17":0,"18":0,"19":0,"20":0,"21":0,"22":0,"23":0,"24":0,"25":0,"26":0,"27":0,"28":0,"29":0,"30":0,"31":0,"32":0,"33":0,"34":0,"35":0},"b":{"0":[0,0],"1":[0,0],"2":[0,0],"3":[0,0],"4":[0,0],"5":[0,0],"6":[0,0],"7":[0,0],"8":[0,0],"9":[0,0],"10":[0,0],"11":[0,0],"12":[0,0],"13":[0,0],"14":[0,0],"15":[0,0],"16":[0,0],"17":[0,0]},"_coverageSchema":"43e27e138ebf9cfc5966b082cf9a028302ed4184","hash":"3316861e87543b71d38366679118d9bd6791aa8f"}
,"C:\\Users\\Admin\\Desktop\\Kasope\\Work\\Vue Projects\\stock-trader-app\\src\\views\\Home.vue": {"path":"C:\\Users\\Admin\\Desktop\\Kasope\\Work\\Vue Projects\\stock-trader-app\\src\\views\\Home.vue","statementMap":{"0":{"start":{"line":63,"column":0},"end":{"line":63,"column":null}},"1":{"start":{"line":69,"column":0},"end":{"line":69,"column":null}},"2":{"start":{"line":72,"column":0},"end":{"line":72,"column":null}}},"fnMap":{"0":{"name":"(anonymous_1)","decl":{"start":{"line":68,"column":0},"end":{"line":68,"column":null}},"loc":{"start":{"line":68,"column":0},"end":{"line":70,"column":null}}},"1":{"name":"(anonymous_2)","decl":{"start":{"line":71,"column":0},"end":{"line":71,"column":null}},"loc":{"start":{"line":71,"column":0},"end":{"line":73,"column":null}}}},"branchMap":{},"s":{"0":0,"1":0,"2":0},"f":{"0":0,"1":0},"b":{}}
,"C:\\Users\\Admin\\Desktop\\Kasope\\Work\\Vue Projects\\stock-trader-app\\src\\views\\Login.vue": {"path":"C:\\Users\\Admin\\Desktop\\Kasope\\Work\\Vue Projects\\stock-trader-app\\src\\views\\Login.vue","statementMap":{"0":{"start":{"line":43,"column":0},"end":{"line":43,"column":null}},"1":{"start":{"line":46,"column":0},"end":{"line":46,"column":null}},"2":{"start":{"line":56,"column":0},"end":{"line":56,"column":null}}},"fnMap":{"0":{"name":"(anonymous_1)","decl":{"start":{"line":45,"column":0},"end":{"line":45,"column":null}},"loc":{"start":{"line":45,"column":0},"end":{"line":52,"column":null}}},"1":{"name":"(anonymous_2)","decl":{"start":{"line":55,"column":0},"end":{"line":55,"column":null}},"loc":{"start":{"line":55,"column":0},"end":{"line":58,"column":null}}}},"branchMap":{"0":{"loc":{"start":{"line":56,"column":0},"end":{"line":56,"column":null}},"type":"cond-expr","locations":[{"start":{"line":56,"column":0},"end":{"line":56,"column":null}},{"start":{"line":56,"column":0},"end":{"line":56,"column":null}}]}},"s":{"0":1,"1":1,"2":0},"f":{"0":1,"1":0},"b":{"0":[0,0]}}
,"C:\\Users\\Admin\\Desktop\\Kasope\\Work\\Vue Projects\\stock-trader-app\\src\\views\\Portfolio.vue": {"path":"C:\\Users\\Admin\\Desktop\\Kasope\\Work\\Vue Projects\\stock-trader-app\\src\\views\\Portfolio.vue","statementMap":{"0":{"start":{"line":26,"column":0},"end":{"line":26,"column":null}},"1":{"start":{"line":27,"column":0},"end":{"line":27,"column":null}}},"fnMap":{},"branchMap":{},"s":{"0":0,"1":0},"f":{},"b":{}}
,"C:\\Users\\Admin\\Desktop\\Kasope\\Work\\Vue Projects\\stock-trader-app\\src\\views\\Profile.vue": {"path":"C:\\Users\\Admin\\Desktop\\Kasope\\Work\\Vue Projects\\stock-trader-app\\src\\views\\Profile.vue","statementMap":{"0":{"start":{"line":44,"column":0},"end":{"line":44,"column":null}},"1":{"start":{"line":45,"column":0},"end":{"line":45,"column":null}},"2":{"start":{"line":48,"column":0},"end":{"line":48,"column":null}},"3":{"start":{"line":61,"column":0},"end":{"line":61,"column":null}},"4":{"start":{"line":64,"column":0},"end":{"line":64,"column":null}},"5":{"start":{"line":67,"column":0},"end":{"line":70,"column":null}},"6":{"start":{"line":68,"column":0},"end":{"line":68,"column":null}},"7":{"start":{"line":69,"column":0},"end":{"line":69,"column":null}},"8":{"start":{"line":70,"column":0},"end":{"line":70,"column":null}}},"fnMap":{"0":{"name":"(anonymous_1)","decl":{"start":{"line":47,"column":0},"end":{"line":47,"column":null}},"loc":{"start":{"line":47,"column":0},"end":{"line":57,"column":null}}},"1":{"name":"(anonymous_2)","decl":{"start":{"line":60,"column":0},"end":{"line":60,"column":null}},"loc":{"start":{"line":60,"column":0},"end":{"line":62,"column":null}}},"2":{"name":"(anonymous_3)","decl":{"start":{"line":63,"column":0},"end":{"line":63,"column":null}},"loc":{"start":{"line":63,"column":0},"end":{"line":65,"column":null}}},"3":{"name":"(anonymous_4)","decl":{"start":{"line":66,"column":0},"end":{"line":66,"column":null}},"loc":{"start":{"line":66,"column":0},"end":{"line":71,"column":null}}}},"branchMap":{"0":{"loc":{"start":{"line":67,"column":0},"end":{"line":70,"column":null}},"type":"if","locations":[{"start":{"line":67,"column":0},"end":{"line":70,"column":null}},{"start":{"line":67,"column":0},"end":{"line":70,"column":null}}]}},"s":{"0":1,"1":1,"2":2,"3":1,"4":2,"5":1,"6":1,"7":1,"8":0},"f":{"0":2,"1":1,"2":2,"3":1},"b":{"0":[1,0]}}
,"C:\\Users\\Admin\\Desktop\\Kasope\\Work\\Vue Projects\\stock-trader-app\\src\\views\\Register.vue": {"path":"C:\\Users\\Admin\\Desktop\\Kasope\\Work\\Vue Projects\\stock-trader-app\\src\\views\\Register.vue","statementMap":{"0":{"start":{"line":95,"column":0},"end":{"line":95,"column":null}},"1":{"start":{"line":98,"column":0},"end":{"line":98,"column":null}},"2":{"start":{"line":107,"column":0},"end":{"line":107,"column":null}},"3":{"start":{"line":111,"column":0},"end":{"line":111,"column":null}},"4":{"start":{"line":115,"column":0},"end":{"line":115,"column":null}}},"fnMap":{"0":{"name":"(anonymous_1)","decl":{"start":{"line":97,"column":0},"end":{"line":97,"column":null}},"loc":{"start":{"line":97,"column":0},"end":{"line":103,"column":null}}},"1":{"name":"(anonymous_2)","decl":{"start":{"line":106,"column":0},"end":{"line":106,"column":null}},"loc":{"start":{"line":106,"column":0},"end":{"line":109,"column":null}}},"2":{"name":"(anonymous_3)","decl":{"start":{"line":110,"column":0},"end":{"line":110,"column":null}},"loc":{"start":{"line":110,"column":0},"end":{"line":113,"column":null}}},"3":{"name":"(anonymous_4)","decl":{"start":{"line":114,"column":0},"end":{"line":114,"column":null}},"loc":{"start":{"line":114,"column":0},"end":{"line":117,"column":null}}}},"branchMap":{"0":{"loc":{"start":{"line":107,"column":0},"end":{"line":107,"column":null}},"type":"cond-expr","locations":[{"start":{"line":107,"column":0},"end":{"line":107,"column":null}},{"start":{"line":107,"column":0},"end":{"line":107,"column":null}}]},"1":{"loc":{"start":{"line":111,"column":0},"end":{"line":111,"column":null}},"type":"cond-expr","locations":[{"start":{"line":111,"column":0},"end":{"line":111,"column":null}},{"start":{"line":111,"column":0},"end":{"line":111,"column":null}}]},"2":{"loc":{"start":{"line":115,"column":0},"end":{"line":115,"column":null}},"type":"if","locations":[{"start":{"line":115,"column":0},"end":{"line":115,"column":null}},{"start":{"line":115,"column":0},"end":{"line":115,"column":null}}]}},"s":{"0":0,"1":0,"2":0,"3":0,"4":0},"f":{"0":0,"1":0,"2":0,"3":0},"b":{"0":[0,0],"1":[0,0],"2":[0,0]}}
,"C:\\Users\\Admin\\Desktop\\Kasope\\Work\\Vue Projects\\stock-trader-app\\src\\views\\StocksView.vue": {"path":"C:\\Users\\Admin\\Desktop\\Kasope\\Work\\Vue Projects\\stock-trader-app\\src\\views\\StocksView.vue","statementMap":{"0":{"start":{"line":26,"column":0},"end":{"line":26,"column":null}},"1":{"start":{"line":27,"column":0},"end":{"line":27,"column":null}},"2":{"start":{"line":30,"column":0},"end":{"line":30,"column":null}}},"fnMap":{"0":{"name":"(anonymous_1)","decl":{"start":{"line":29,"column":0},"end":{"line":29,"column":null}},"loc":{"start":{"line":29,"column":0},"end":{"line":31,"column":null}}}},"branchMap":{},"s":{"0":0,"1":0,"2":0},"f":{"0":0},"b":{}}
,"C:\\Users\\Admin\\Desktop\\Kasope\\Work\\Vue Projects\\stock-trader-app\\src\\views\\Wallet.vue": {"path":"C:\\Users\\Admin\\Desktop\\Kasope\\Work\\Vue Projects\\stock-trader-app\\src\\views\\Wallet.vue","statementMap":{"0":{"start":{"line":83,"column":0},"end":{"line":83,"column":null}},"1":{"start":{"line":84,"column":0},"end":{"line":84,"column":null}},"2":{"start":{"line":85,"column":0},"end":{"line":85,"column":null}},"3":{"start":{"line":88,"column":0},"end":{"line":88,"column":null}},"4":{"start":{"line":107,"column":0},"end":{"line":107,"column":null}},"5":{"start":{"line":120,"column":0},"end":{"line":135,"column":null}},"6":{"start":{"line":121,"column":0},"end":{"line":121,"column":null}},"7":{"start":{"line":122,"column":0},"end":{"line":134,"column":null}},"8":{"start":{"line":122,"column":0},"end":{"line":124,"column":null}},"9":{"start":{"line":132,"column":0},"end":{"line":132,"column":null}},"10":{"start":{"line":133,"column":0},"end":{"line":133,"column":null}},"11":{"start":{"line":135,"column":0},"end":{"line":135,"column":null}},"12":{"start":{"line":138,"column":0},"end":{"line":155,"column":null}},"13":{"start":{"line":139,"column":0},"end":{"line":153,"column":null}},"14":{"start":{"line":140,"column":0},"end":{"line":151,"column":null}},"15":{"start":{"line":140,"column":0},"end":{"line":142,"column":null}},"16":{"start":{"line":150,"column":0},"end":{"line":150,"column":null}},"17":{"start":{"line":152,"column":0},"end":{"line":152,"column":null}},"18":{"start":{"line":154,"column":0},"end":{"line":154,"column":null}},"19":{"start":{"line":155,"column":0},"end":{"line":155,"column":null}},"20":{"start":{"line":158,"column":0},"end":{"line":158,"column":null}},"21":{"start":{"line":161,"column":0},"end":{"line":161,"column":null}}},"fnMap":{"0":{"name":"(anonymous_1)","decl":{"start":{"line":87,"column":0},"end":{"line":87,"column":null}},"loc":{"start":{"line":87,"column":0},"end":{"line":102,"column":null}}},"1":{"name":"(anonymous_2)","decl":{"start":{"line":107,"column":0},"end":{"line":107,"column":null}},"loc":{"start":{"line":107,"column":0},"end":{"line":107,"column":null}}},"2":{"name":"(anonymous_3)","decl":{"start":{"line":119,"column":0},"end":{"line":119,"column":null}},"loc":{"start":{"line":119,"column":0},"end":{"line":136,"column":null}}},"3":{"name":"(anonymous_4)","decl":{"start":{"line":122,"column":0},"end":{"line":122,"column":null}},"loc":{"start":{"line":122,"column":0},"end":{"line":124,"column":null}}},"4":{"name":"(anonymous_5)","decl":{"start":{"line":124,"column":0},"end":{"line":124,"column":null}},"loc":{"start":{"line":124,"column":0},"end":{"line":134,"column":null}}},"5":{"name":"(anonymous_6)","decl":{"start":{"line":137,"column":0},"end":{"line":137,"column":null}},"loc":{"start":{"line":137,"column":0},"end":{"line":156,"column":null}}},"6":{"name":"(anonymous_7)","decl":{"start":{"line":140,"column":0},"end":{"line":140,"column":null}},"loc":{"start":{"line":140,"column":0},"end":{"line":142,"column":null}}},"7":{"name":"(anonymous_8)","decl":{"start":{"line":142,"column":0},"end":{"line":142,"column":null}},"loc":{"start":{"line":142,"column":0},"end":{"line":151,"column":null}}},"8":{"name":"(anonymous_9)","decl":{"start":{"line":157,"column":0},"end":{"line":157,"column":null}},"loc":{"start":{"line":157,"column":0},"end":{"line":159,"column":null}}},"9":{"name":"(anonymous_10)","decl":{"start":{"line":160,"column":0},"end":{"line":160,"column":null}},"loc":{"start":{"line":160,"column":0},"end":{"line":162,"column":null}}}},"branchMap":{"0":{"loc":{"start":{"line":120,"column":0},"end":{"line":135,"column":null}},"type":"if","locations":[{"start":{"line":120,"column":0},"end":{"line":135,"column":null}},{"start":{"line":120,"column":0},"end":{"line":135,"column":null}}]},"1":{"loc":{"start":{"line":138,"column":0},"end":{"line":155,"column":null}},"type":"if","locations":[{"start":{"line":138,"column":0},"end":{"line":155,"column":null}},{"start":{"line":138,"column":0},"end":{"line":155,"column":null}}]},"2":{"loc":{"start":{"line":139,"column":0},"end":{"line":153,"column":null}},"type":"if","locations":[{"start":{"line":139,"column":0},"end":{"line":153,"column":null}},{"start":{"line":139,"column":0},"end":{"line":153,"column":null}}]}},"s":{"0":0,"1":0,"2":0,"3":0,"4":0,"5":0,"6":0,"7":0,"8":0,"9":0,"10":0,"11":0,"12":0,"13":0,"14":0,"15":0,"16":0,"17":0,"18":0,"19":0,"20":0,"21":0},"f":{"0":0,"1":0,"2":0,"3":0,"4":0,"5":0,"6":0,"7":0,"8":0,"9":0},"b":{"0":[0,0],"1":[0,0],"2":[0,0]}}
}
