TN:
SF:C:\Users\Admin\Desktop\Kasope\Work\Vue Projects\stock-trader-app\src\App.vue
FN:25,(anonymous_1)
FN:28,(anonymous_2)
FN:39,(anonymous_3)
FN:45,(anonymous_4)
FNF:4
FNH:3
FNDA:0,(anonymous_1)
FNDA:3,(anonymous_2)
FNDA:2,(anonymous_3)
FNDA:1,(anonymous_4)
DA:12,1
DA:13,1
DA:14,1
DA:26,0
DA:29,3
DA:30,3
DA:31,0
DA:32,0
DA:34,3
DA:40,2
DA:42,2
DA:46,1
DA:47,1
DA:48,1
DA:50,0
LF:15
LH:11
BRDA:29,0,0,3
BRDA:29,0,1,0
BRDA:30,1,0,0
BRDA:30,1,1,3
BRDA:30,2,0,3
BRDA:30,2,1,2
BRDA:46,3,0,1
BRDA:46,3,1,0
BRF:8
BRH:5
end_of_record
TN:
SF:C:\Users\Admin\Desktop\Kasope\Work\Vue Projects\stock-trader-app\src\main.js
FN:15,(anonymous_0)
FN:28,(anonymous_1)
FN:31,installFirebase
FNF:3
FNH:0
FNDA:0,(anonymous_0)
FNDA:0,(anonymous_1)
FNDA:0,installFirebase
DA:13,0
DA:14,0
DA:15,0
DA:16,0
DA:17,0
DA:19,0
DA:21,0
DA:24,0
DA:25,0
DA:28,0
DA:33,0
DA:43,0
LF:12
LH:0
BRF:0
BRH:0
end_of_record
TN:
SF:C:\Users\Admin\Desktop\Kasope\Work\Vue Projects\stock-trader-app\src\components\PortfolioAsset.vue
FN:99,(anonymous_1)
FN:102,(anonymous_2)
FN:122,(anonymous_3)
FN:124,(anonymous_4)
FN:127,(anonymous_5)
FN:130,(anonymous_6)
FN:133,(anonymous_7)
FN:142,(anonymous_8)
FN:145,(anonymous_9)
FNF:9
FNH:8
FNDA:0,(anonymous_1)
FNDA:9,(anonymous_2)
FNDA:1,(anonymous_3)
FNDA:9,(anonymous_4)
FNDA:12,(anonymous_5)
FNDA:13,(anonymous_6)
FNDA:9,(anonymous_7)
FNDA:1,(anonymous_8)
FNDA:3,(anonymous_9)
DA:91,1
DA:92,1
DA:93,1
DA:99,0
DA:103,9
DA:122,1
DA:125,9
DA:128,12
DA:131,13
DA:134,9
DA:143,1
DA:146,3
LF:12
LH:11
BRDA:135,0,0,9
BRDA:135,0,1,0
BRF:2
BRH:1
end_of_record
TN:
SF:C:\Users\Admin\Desktop\Kasope\Work\Vue Projects\stock-trader-app\src\components\Stock.vue
FN:54,(anonymous_1)
FN:57,(anonymous_2)
FN:71,(anonymous_3)
FN:73,(anonymous_4)
FN:76,(anonymous_5)
FN:85,(anonymous_6)
FN:88,(anonymous_7)
FNF:7
FNH:6
FNDA:0,(anonymous_1)
FNDA:7,(anonymous_2)
FNDA:1,(anonymous_3)
FNDA:12,(anonymous_4)
FNDA:7,(anonymous_5)
FNDA:1,(anonymous_6)
FNDA:2,(anonymous_7)
DA:45,1
DA:46,1
DA:47,1
DA:54,0
DA:58,7
DA:71,1
DA:74,12
DA:77,7
DA:86,1
DA:89,2
LF:10
LH:9
BRDA:78,0,0,7
BRDA:78,0,1,0
BRF:2
BRH:1
end_of_record
TN:
SF:C:\Users\Admin\Desktop\Kasope\Work\Vue Projects\stock-trader-app\src\components\navigation-components\Header.vue
FN:63,(anonymous_1)
FN:68,(anonymous_2)
FNF:2
FNH:0
FNDA:0,(anonymous_1)
FNDA:0,(anonymous_2)
DA:61,1
DA:64,0
DA:68,0
LF:3
LH:1
BRF:0
BRH:0
end_of_record
TN:
SF:C:\Users\Admin\Desktop\Kasope\Work\Vue Projects\stock-trader-app\src\components\navigation-components\Sidebar.vue
FNF:0
FNH:0
DA:79,1
LF:1
LH:1
BRF:0
BRH:0
end_of_record
TN:
SF:C:\Users\Admin\Desktop\Kasope\Work\Vue Projects\stock-trader-app\src\components\reused-components\ConfirmationModal.vue
FN:46,(anonymous_1)
FNF:1
FNH:1
FNDA:2,(anonymous_1)
DA:47,2
LF:1
LH:1
BRF:0
BRH:0
end_of_record
TN:
SF:C:\Users\Admin\Desktop\Kasope\Work\Vue Projects\stock-trader-app\src\components\reused-components\InputModal.vue
FN:48,(anonymous_1)
FN:54,(anonymous_2)
FN:62,(anonymous_3)
FNF:3
FNH:3
FNDA:9,(anonymous_1)
FNDA:4,(anonymous_2)
FNDA:4,(anonymous_3)
DA:49,9
DA:55,4
DA:56,1
DA:57,3
DA:58,1
DA:60,4
DA:63,4
LF:7
LH:7
BRDA:55,0,0,1
BRDA:55,0,1,3
BRDA:57,1,0,1
BRDA:57,1,1,2
BRF:4
BRH:4
end_of_record
TN:
SF:C:\Users\Admin\Desktop\Kasope\Work\Vue Projects\stock-trader-app\src\mixins\mixins.js
FN:2,(anonymous_0)
FN:10,(anonymous_1)
FN:13,(anonymous_2)
FN:21,(anonymous_3)
FN:33,(anonymous_4)
FN:37,(anonymous_5)
FN:43,(anonymous_6)
FN:56,(anonymous_7)
FN:60,(anonymous_8)
FN:66,(anonymous_9)
FN:78,(anonymous_10)
FN:86,(anonymous_11)
FN:87,(anonymous_12)
FNF:13
FNH:10
FNDA:0,(anonymous_0)
FNDA:0,(anonymous_1)
FNDA:0,(anonymous_2)
FNDA:12,(anonymous_3)
FNDA:1,(anonymous_4)
FNDA:1,(anonymous_5)
FNDA:1,(anonymous_6)
FNDA:1,(anonymous_7)
FNDA:1,(anonymous_8)
FNDA:1,(anonymous_9)
FNDA:1,(anonymous_10)
FNDA:1,(anonymous_11)
FNDA:1,(anonymous_12)
DA:1,2
DA:3,0
DA:11,0
DA:14,0
DA:19,2
DA:22,12
DA:23,3
DA:24,3
DA:26,9
DA:27,3
DA:28,1
DA:30,3
DA:31,6
DA:34,1
DA:35,1
DA:36,1
DA:38,1
DA:44,1
DA:45,1
DA:48,0
DA:49,0
DA:52,0
DA:54,0
DA:57,1
DA:58,1
DA:59,1
DA:61,1
DA:67,1
DA:68,1
DA:71,0
DA:74,0
DA:76,0
DA:79,1
DA:81,1
DA:82,1
DA:86,1
DA:88,1
DA:89,1
DA:92,0
LF:39
LH:28
BRDA:22,0,0,3
BRDA:22,0,1,9
BRDA:26,1,0,3
BRDA:26,1,1,6
BRDA:27,2,0,1
BRDA:27,2,1,2
BRDA:31,3,0,6
BRDA:31,3,1,0
BRDA:34,4,0,1
BRDA:34,4,1,0
BRDA:35,5,0,1
BRDA:35,5,1,0
BRDA:57,6,0,1
BRDA:57,6,1,0
BRDA:58,7,0,1
BRDA:58,7,1,0
BRDA:58,8,0,1
BRDA:58,8,1,1
BRDA:79,9,0,1
BRDA:79,9,1,0
BRDA:81,10,0,1
BRDA:81,10,1,0
BRF:22
BRH:15
end_of_record
TN:
SF:C:\Users\Admin\Desktop\Kasope\Work\Vue Projects\stock-trader-app\src\router\index.js
FN:18,(anonymous_0)
FN:27,(anonymous_1)
FN:36,(anonymous_2)
FN:45,(anonymous_3)
FN:54,(anonymous_4)
FN:63,(anonymous_5)
FN:72,(anonymous_6)
FN:82,(anonymous_7)
FN:83,(anonymous_8)
FNF:9
FNH:0
FNDA:0,(anonymous_0)
FNDA:0,(anonymous_1)
FNDA:0,(anonymous_2)
FNDA:0,(anonymous_3)
FNDA:0,(anonymous_4)
FNDA:0,(anonymous_5)
FNDA:0,(anonymous_6)
FNDA:0,(anonymous_7)
FNDA:0,(anonymous_8)
DA:7,0
DA:9,0
DA:19,0
DA:28,0
DA:37,0
DA:46,0
DA:55,0
DA:64,0
DA:73,0
DA:77,0
DA:82,0
DA:83,0
DA:84,0
DA:89,0
DA:90,0
DA:94,0
DA:95,0
LF:17
LH:0
BRDA:84,0,0,0
BRDA:84,0,1,0
BRDA:85,1,0,0
BRDA:85,1,1,0
BRDA:85,1,2,0
BRDA:90,2,0,0
BRDA:90,2,1,0
BRDA:91,3,0,0
BRDA:91,3,1,0
BRDA:91,3,2,0
BRF:10
BRH:0
end_of_record
TN:
SF:C:\Users\Admin\Desktop\Kasope\Work\Vue Projects\stock-trader-app\src\store\index.js
FN:19,(anonymous_0)
FN:22,(anonymous_1)
FN:25,(anonymous_2)
FNF:3
FNH:0
FNDA:0,(anonymous_0)
FNDA:0,(anonymous_1)
FNDA:0,(anonymous_2)
DA:9,0
DA:20,0
DA:23,0
DA:26,0
LF:4
LH:0
BRF:0
BRH:0
end_of_record
TN:
SF:C:\Users\Admin\Desktop\Kasope\Work\Vue Projects\stock-trader-app\src\store\modules\account-management-store.js
FN:7,(anonymous_0)
FN:12,(anonymous_1)
FN:15,(anonymous_2)
FN:20,(anonymous_3)
FN:28,(anonymous_4)
FN:32,(anonymous_5)
FN:36,(anonymous_6)
FN:39,(anonymous_7)
FN:56,(anonymous_8)
FN:64,(anonymous_9)
FN:73,(anonymous_10)
FN:79,(anonymous_11)
FN:86,(anonymous_12)
FN:91,(anonymous_13)
FN:97,(anonymous_14)
FN:105,(anonymous_15)
FN:111,(anonymous_16)
FN:114,(anonymous_17)
FN:117,(anonymous_18)
FN:120,(anonymous_19)
FN:123,(anonymous_20)
FNF:21
FNH:0
FNDA:0,(anonymous_0)
FNDA:0,(anonymous_1)
FNDA:0,(anonymous_2)
FNDA:0,(anonymous_3)
FNDA:0,(anonymous_4)
FNDA:0,(anonymous_5)
FNDA:0,(anonymous_6)
FNDA:0,(anonymous_7)
FNDA:0,(anonymous_8)
FNDA:0,(anonymous_9)
FNDA:0,(anonymous_10)
FNDA:0,(anonymous_11)
FNDA:0,(anonymous_12)
FNDA:0,(anonymous_13)
FNDA:0,(anonymous_14)
FNDA:0,(anonymous_15)
FNDA:0,(anonymous_16)
FNDA:0,(anonymous_17)
FNDA:0,(anonymous_18)
FNDA:0,(anonymous_19)
FNDA:0,(anonymous_20)
DA:3,4
DA:6,4
DA:8,0
DA:13,0
DA:16,0
DA:19,4
DA:21,0
DA:22,0
DA:23,0
DA:29,0
DA:30,0
DA:33,0
DA:37,0
DA:40,0
DA:42,0
DA:43,0
DA:44,0
DA:45,0
DA:46,0
DA:47,0
DA:48,0
DA:49,0
DA:50,0
DA:53,0
DA:57,0
DA:58,0
DA:65,0
DA:68,0
DA:74,0
DA:80,0
DA:81,0
DA:82,0
DA:83,0
DA:87,0
DA:88,0
DA:89,0
DA:92,0
DA:93,0
DA:98,0
DA:99,0
DA:104,4
DA:106,0
DA:107,0
DA:108,0
DA:112,0
DA:115,0
DA:118,0
DA:121,0
DA:124,0
LF:49
LH:4
BRDA:8,0,0,0
BRDA:8,0,1,0
BRDA:16,1,0,0
BRDA:16,1,1,0
BRDA:43,2,0,0
BRDA:43,2,1,0
BRDA:57,3,0,0
BRDA:57,3,1,0
BRDA:107,4,0,0
BRDA:107,4,1,0
BRF:10
BRH:0
end_of_record
TN:
SF:C:\Users\Admin\Desktop\Kasope\Work\Vue Projects\stock-trader-app\src\store\modules\auth-store.js
FN:10,(anonymous_0)
FN:16,(anonymous_1)
FN:23,(anonymous_2)
FN:26,(anonymous_3)
FN:35,(anonymous_4)
FN:45,(anonymous_5)
FN:49,(anonymous_6)
FN:57,(anonymous_7)
FN:61,(anonymous_8)
FN:70,(anonymous_9)
FN:71,(anonymous_10)
FN:75,(anonymous_11)
FN:89,(anonymous_12)
FN:94,(anonymous_13)
FN:105,(anonymous_14)
FN:122,(anonymous_15)
FN:129,(anonymous_16)
FN:134,(anonymous_17)
FN:137,(anonymous_18)
FNF:19
FNH:0
FNDA:0,(anonymous_0)
FNDA:0,(anonymous_1)
FNDA:0,(anonymous_2)
FNDA:0,(anonymous_3)
FNDA:0,(anonymous_4)
FNDA:0,(anonymous_5)
FNDA:0,(anonymous_6)
FNDA:0,(anonymous_7)
FNDA:0,(anonymous_8)
FNDA:0,(anonymous_9)
FNDA:0,(anonymous_10)
FNDA:0,(anonymous_11)
FNDA:0,(anonymous_12)
FNDA:0,(anonymous_13)
FNDA:0,(anonymous_14)
FNDA:0,(anonymous_15)
FNDA:0,(anonymous_16)
FNDA:0,(anonymous_17)
FNDA:0,(anonymous_18)
DA:3,4
DA:9,4
DA:11,0
DA:15,4
DA:17,0
DA:24,0
DA:27,0
DA:28,0
DA:29,0
DA:30,0
DA:31,0
DA:32,0
DA:36,0
DA:46,0
DA:47,0
DA:50,0
DA:51,0
DA:52,0
DA:53,0
DA:54,0
DA:55,0
DA:58,0
DA:62,0
DA:63,0
DA:64,0
DA:68,0
DA:71,0
DA:72,0
DA:76,0
DA:90,0
DA:91,0
DA:92,0
DA:95,0
DA:96,0
DA:101,0
DA:102,0
DA:106,0
DA:107,0
DA:108,0
DA:109,0
DA:110,0
DA:111,0
DA:113,0
DA:114,0
DA:115,0
DA:116,0
DA:118,0
DA:119,0
DA:123,0
DA:124,0
DA:128,4
DA:130,0
DA:131,0
DA:132,0
DA:135,0
DA:138,0
DA:139,0
DA:141,0
DA:142,0
LF:59
LH:4
BRDA:110,0,0,0
BRDA:110,0,1,0
BRDA:110,1,0,0
BRDA:110,1,1,0
BRF:4
BRH:0
end_of_record
TN:
SF:C:\Users\Admin\Desktop\Kasope\Work\Vue Projects\stock-trader-app\src\store\modules\shares.js
FNF:0
FNH:0
DA:1,0
DA:82,0
DA:83,0
LF:3
LH:0
BRF:0
BRH:0
end_of_record
TN:
SF:C:\Users\Admin\Desktop\Kasope\Work\Vue Projects\stock-trader-app\src\store\modules\stock-management-store.js
FN:10,(anonymous_0)
FN:12,(anonymous_1)
FN:15,(anonymous_2)
FN:17,(anonymous_3)
FN:22,(anonymous_4)
FN:25,(anonymous_5)
FN:39,(anonymous_6)
FN:42,(anonymous_7)
FN:59,(anonymous_8)
FN:65,(anonymous_9)
FN:68,(anonymous_10)
FN:73,(anonymous_11)
FN:76,(anonymous_12)
FN:80,(anonymous_13)
FN:85,(anonymous_14)
FN:95,(anonymous_15)
FN:120,(anonymous_16)
FN:122,(anonymous_17)
FN:143,(anonymous_18)
FN:156,(anonymous_19)
FN:161,(anonymous_20)
FN:170,(anonymous_21)
FN:196,(anonymous_22)
FN:205,(anonymous_23)
FN:230,(anonymous_24)
FN:233,(anonymous_25)
FN:235,(anonymous_26)
FN:239,(anonymous_27)
FN:240,(anonymous_28)
FN:258,(anonymous_29)
FN:262,(anonymous_30)
FN:269,(anonymous_31)
FN:275,(anonymous_32)
FN:276,(anonymous_33)
FN:285,(anonymous_34)
FN:286,(anonymous_35)
FNF:36
FNH:0
FNDA:0,(anonymous_0)
FNDA:0,(anonymous_1)
FNDA:0,(anonymous_2)
FNDA:0,(anonymous_3)
FNDA:0,(anonymous_4)
FNDA:0,(anonymous_5)
FNDA:0,(anonymous_6)
FNDA:0,(anonymous_7)
FNDA:0,(anonymous_8)
FNDA:0,(anonymous_9)
FNDA:0,(anonymous_10)
FNDA:0,(anonymous_11)
FNDA:0,(anonymous_12)
FNDA:0,(anonymous_13)
FNDA:0,(anonymous_14)
FNDA:0,(anonymous_15)
FNDA:0,(anonymous_16)
FNDA:0,(anonymous_17)
FNDA:0,(anonymous_18)
FNDA:0,(anonymous_19)
FNDA:0,(anonymous_20)
FNDA:0,(anonymous_21)
FNDA:0,(anonymous_22)
FNDA:0,(anonymous_23)
FNDA:0,(anonymous_24)
FNDA:0,(anonymous_25)
FNDA:0,(anonymous_26)
FNDA:0,(anonymous_27)
FNDA:0,(anonymous_28)
FNDA:0,(anonymous_29)
FNDA:0,(anonymous_30)
FNDA:0,(anonymous_31)
FNDA:0,(anonymous_32)
FNDA:0,(anonymous_33)
FNDA:0,(anonymous_34)
FNDA:0,(anonymous_35)
DA:4,4
DA:9,4
DA:11,0
DA:12,0
DA:16,0
DA:18,0
DA:23,0
DA:25,0
DA:26,0
DA:27,0
DA:28,0
DA:31,0
DA:32,0
DA:34,0
DA:40,0
DA:42,0
DA:43,0
DA:44,0
DA:45,0
DA:48,0
DA:49,0
DA:51,0
DA:58,4
DA:60,0
DA:66,0
DA:67,0
DA:68,0
DA:69,0
DA:71,0
DA:74,0
DA:76,0
DA:77,0
DA:81,0
DA:82,0
DA:83,0
DA:85,0
DA:86,0
DA:87,0
DA:96,0
DA:101,0
DA:102,0
DA:103,0
DA:104,0
DA:105,0
DA:109,0
DA:112,0
DA:113,0
DA:114,0
DA:115,0
DA:116,0
DA:121,0
DA:122,0
DA:124,0
DA:125,0
DA:130,0
DA:135,0
DA:144,0
DA:148,0
DA:157,0
DA:158,0
DA:160,0
DA:161,0
DA:162,0
DA:163,0
DA:164,0
DA:166,0
DA:171,0
DA:172,0
DA:178,0
DA:180,0
DA:181,0
DA:182,0
DA:183,0
DA:192,0
DA:204,0
DA:205,0
DA:206,0
DA:207,0
DA:209,0
DA:213,0
DA:215,0
DA:216,0
DA:218,0
DA:219,0
DA:229,4
DA:231,0
DA:234,0
DA:235,0
DA:236,0
DA:240,0
DA:241,0
DA:244,0
DA:248,0
DA:259,0
DA:260,0
DA:264,0
DA:265,0
DA:266,0
DA:270,0
DA:276,0
DA:277,0
DA:278,0
DA:279,0
DA:280,0
DA:286,0
DA:290,0
LF:106
LH:4
BRDA:11,0,0,0
BRDA:11,0,1,0
BRDA:26,1,0,0
BRDA:26,1,1,0
BRDA:31,2,0,0
BRDA:31,2,1,0
BRDA:43,3,0,0
BRDA:43,3,1,0
BRDA:48,4,0,0
BRDA:48,4,1,0
BRDA:102,5,0,0
BRDA:102,5,1,0
BRDA:114,6,0,0
BRDA:114,6,1,0
BRDA:124,7,0,0
BRDA:124,7,1,0
BRDA:160,8,0,0
BRDA:160,8,1,0
BRDA:162,9,0,0
BRDA:162,9,1,0
BRDA:181,10,0,0
BRDA:181,10,1,0
BRDA:206,11,0,0
BRDA:206,11,1,0
BRDA:236,12,0,0
BRDA:236,12,1,0
BRDA:241,13,0,0
BRDA:241,13,1,0
BRDA:244,14,0,0
BRDA:244,14,1,0
BRDA:259,15,0,0
BRDA:259,15,1,0
BRDA:265,16,0,0
BRDA:265,16,1,0
BRDA:278,17,0,0
BRDA:278,17,1,0
BRF:36
BRH:0
end_of_record
TN:
SF:C:\Users\Admin\Desktop\Kasope\Work\Vue Projects\stock-trader-app\src\views\Home.vue
FN:68,(anonymous_1)
FN:71,(anonymous_2)
FNF:2
FNH:0
FNDA:0,(anonymous_1)
FNDA:0,(anonymous_2)
DA:63,0
DA:69,0
DA:72,0
LF:3
LH:0
BRF:0
BRH:0
end_of_record
TN:
SF:C:\Users\Admin\Desktop\Kasope\Work\Vue Projects\stock-trader-app\src\views\Login.vue
FN:45,(anonymous_1)
FN:55,(anonymous_2)
FNF:2
FNH:1
FNDA:1,(anonymous_1)
FNDA:0,(anonymous_2)
DA:43,1
DA:46,1
DA:56,0
LF:3
LH:2
BRDA:56,0,0,0
BRDA:56,0,1,0
BRF:2
BRH:0
end_of_record
TN:
SF:C:\Users\Admin\Desktop\Kasope\Work\Vue Projects\stock-trader-app\src\views\Portfolio.vue
FNF:0
FNH:0
DA:26,0
DA:27,0
LF:2
LH:0
BRF:0
BRH:0
end_of_record
TN:
SF:C:\Users\Admin\Desktop\Kasope\Work\Vue Projects\stock-trader-app\src\views\Profile.vue
FN:47,(anonymous_1)
FN:60,(anonymous_2)
FN:63,(anonymous_3)
FN:66,(anonymous_4)
FNF:4
FNH:4
FNDA:2,(anonymous_1)
FNDA:1,(anonymous_2)
FNDA:2,(anonymous_3)
FNDA:1,(anonymous_4)
DA:44,1
DA:45,1
DA:48,2
DA:61,1
DA:64,2
DA:67,1
DA:68,1
DA:69,1
DA:70,0
LF:9
LH:8
BRDA:67,0,0,1
BRDA:67,0,1,0
BRF:2
BRH:1
end_of_record
TN:
SF:C:\Users\Admin\Desktop\Kasope\Work\Vue Projects\stock-trader-app\src\views\Register.vue
FN:97,(anonymous_1)
FN:106,(anonymous_2)
FN:110,(anonymous_3)
FN:114,(anonymous_4)
FNF:4
FNH:2
FNDA:2,(anonymous_1)
FNDA:0,(anonymous_2)
FNDA:0,(anonymous_3)
FNDA:2,(anonymous_4)
DA:95,1
DA:98,2
DA:107,0
DA:111,0
DA:115,3
LF:5
LH:3
BRDA:107,0,0,0
BRDA:107,0,1,0
BRDA:111,1,0,0
BRDA:111,1,1,0
BRDA:115,2,0,3
BRDA:115,2,1,3
BRF:6
BRH:2
end_of_record
TN:
SF:C:\Users\Admin\Desktop\Kasope\Work\Vue Projects\stock-trader-app\src\views\StocksView.vue
FN:29,(anonymous_1)
FNF:1
FNH:0
FNDA:0,(anonymous_1)
DA:26,0
DA:27,0
DA:30,0
LF:3
LH:0
BRF:0
BRH:0
end_of_record
TN:
SF:C:\Users\Admin\Desktop\Kasope\Work\Vue Projects\stock-trader-app\src\views\Wallet.vue
FN:89,(anonymous_1)
FN:109,(anonymous_2)
FN:121,(anonymous_3)
FN:123,(anonymous_4)
FN:125,(anonymous_5)
FN:137,(anonymous_6)
FN:140,(anonymous_7)
FN:142,(anonymous_8)
FN:157,(anonymous_9)
FN:160,(anonymous_10)
FNF:10
FNH:8
FNDA:4,(anonymous_1)
FNDA:4,(anonymous_2)
FNDA:3,(anonymous_3)
FNDA:1,(anonymous_4)
FNDA:1,(anonymous_5)
FNDA:1,(anonymous_6)
FNDA:0,(anonymous_7)
FNDA:0,(anonymous_8)
FNDA:4,(anonymous_9)
FNDA:4,(anonymous_10)
DA:85,1
DA:86,1
DA:87,1
DA:90,4
DA:109,4
DA:122,3
DA:123,1
DA:133,1
DA:135,2
DA:138,1
DA:139,0
DA:140,0
DA:150,0
DA:152,0
DA:154,0
DA:155,1
DA:158,4
DA:161,4
LF:18
LH:13
BRDA:122,0,0,1
BRDA:122,0,1,2
BRDA:138,1,0,0
BRDA:138,1,1,1
BRDA:139,2,0,0
BRDA:139,2,1,0
BRF:6
BRH:3
end_of_record
